Using pre-set license
Built from '2020.3/staging' branch; Version is '2020.3.11f1 (99c7afb366b3) revision 10078127'; Using compiler version '192528614'; Build Type 'Release'
OS: 'Windows 10 Pro; OS build 22000.434; Version 2009; 64bit' Language: 'ru' Physical Memory: 16317 MB
BatchMode: 1, IsHumanControllingUs: 0, StartBugReporterOnCrash: 0, Is64bit: 1, IsPro: 0

 COMMAND LINE ARGUMENTS:
B:\Program Files\2020.3.11f1\Editor\Unity.exe
-adb2
-batchMode
-noUpm
-name
AssetImportWorker0
-projectPath
E:/GitHub/Kamilla_simulator/Kamilla's simulator
-logFile
Logs/AssetImportWorker0.log
-srvPort
62968
Successfully changed project path to: E:/GitHub/Kamilla_simulator/Kamilla's simulator
E:/GitHub/Kamilla_simulator/Kamilla's simulator
Using Asset Import Pipeline V2.
Refreshing native plugins compatible for Editor in 32.17 ms, found 2 plugins.
Preloading 0 native plugins for Editor in 0.00 ms.
Initialize engine version: 2020.3.11f1 (99c7afb366b3)
[Subsystems] Discovering subsystems at path B:/Program Files/2020.3.11f1/Editor/Data/Resources/UnitySubsystems
[Subsystems] Discovering subsystems at path E:/GitHub/Kamilla_simulator/Kamilla's simulator/Assets
GfxDevice: creating device client; threaded=0
Direct3D:
    Version:  Direct3D 11.0 [level 11.1]
    Renderer: NVIDIA GeForce RTX 2070 SUPER (ID=0x1e84)
    Vendor:   
    VRAM:     8011 MB
    Driver:   30.0.14.7212
Initialize mono
Mono path[0] = 'B:/Program Files/2020.3.11f1/Editor/Data/Managed'
Mono path[1] = 'B:/Program Files/2020.3.11f1/Editor/Data/MonoBleedingEdge/lib/mono/unityjit'
Mono config path = 'B:/Program Files/2020.3.11f1/Editor/Data/MonoBleedingEdge/etc'
Using monoOptions --debugger-agent=transport=dt_socket,embedding=1,server=y,suspend=n,address=127.0.0.1:56908
Begin MonoManager ReloadAssembly
Registering precompiled unity dll's ...
Register platform support module: B:/Program Files/2020.3.11f1/Editor/Data/PlaybackEngines/WindowsStandaloneSupport/UnityEditor.WindowsStandalone.Extensions.dll
Registered in 0.000699 seconds.
Native extension for WindowsStandalone target not found
Refreshing native plugins compatible for Editor in 32.51 ms, found 2 plugins.
Preloading 0 native plugins for Editor in 0.00 ms.
Mono: successfully reloaded assembly
- Completed reload, in  1.154 seconds
Platform modules already initialized, skipping
Registering precompiled user dll's ...
Registered in 0.002103 seconds.
Begin MonoManager ReloadAssembly
Native extension for WindowsStandalone target not found
Refreshing native plugins compatible for Editor in 0.38 ms, found 2 plugins.
Preloading 0 native plugins for Editor in 0.00 ms.
Mono: successfully reloaded assembly
- Completed reload, in  0.860 seconds
Platform modules already initialized, skipping
========================================================================
Worker process is ready to serve import requests
Launched and connected shader compiler UnityShaderCompiler.exe after 0.05 seconds
Refreshing native plugins compatible for Editor in 0.37 ms, found 2 plugins.
Preloading 0 native plugins for Editor in 0.00 ms.
Unloading 1585 Unused Serialized files (Serialized files now loaded: 0)
System memory in use before: 91.0 MB.
System memory in use after: 91.1 MB.

Unloading 19 unused Assets to reduce memory usage. Loaded Objects now: 2039.
Total: 1.990300 ms (FindLiveObjects: 0.169100 ms CreateObjectMapping: 0.058400 ms MarkObjects: 1.656600 ms  DeleteObjects: 0.105400 ms)

========================================================================
Received Import Request.
  path: Assets/Scripts/CameraMove.cs
  artifactKey: Guid(7b9042396e17c51459ad1495711c83e1) Importer(815301076,1909f56bfc062723c751e8b465ee728b)
Start importing Assets/Scripts/CameraMove.cs using Guid(7b9042396e17c51459ad1495711c83e1) Importer(815301076,1909f56bfc062723c751e8b465ee728b)  -> (artifact id: '05a21034ec3a3bbc1f2b2b5ebe1deeb8') in 0.039397 seconds
  Import took 0.041501 seconds .

========================================================================
Received Import Request.
  Time since last request: 87.931612 seconds.
  path: Assets/Scripts/Player/Player.cs
  artifactKey: Guid(2ce61cf050671864998c043bf1704a83) Importer(815301076,1909f56bfc062723c751e8b465ee728b)
Start importing Assets/Scripts/Player/Player.cs using Guid(2ce61cf050671864998c043bf1704a83) Importer(815301076,1909f56bfc062723c751e8b465ee728b)  -> (artifact id: '41a9cd18df62cebac516aabacef16841') in 0.009305 seconds
  Import took 0.011779 seconds .

========================================================================
Received Prepare
Registering precompiled user dll's ...
Registered in 0.002607 seconds.
Begin MonoManager ReloadAssembly
Native extension for WindowsStandalone target not found
Refreshing native plugins compatible for Editor in 0.38 ms, found 2 plugins.
Preloading 0 native plugins for Editor in 0.00 ms.
Mono: successfully reloaded assembly
- Completed reload, in  0.818 seconds
Platform modules already initialized, skipping
Refreshing native plugins compatible for Editor in 0.55 ms, found 2 plugins.
Preloading 0 native plugins for Editor in 0.00 ms.
Unloading 1545 Unused Serialized files (Serialized files now loaded: 0)
System memory in use before: 87.8 MB.
System memory in use after: 87.8 MB.

Unloading 15 unused Assets to reduce memory usage. Loaded Objects now: 2041.
Total: 2.014800 ms (FindLiveObjects: 0.150700 ms CreateObjectMapping: 0.051400 ms MarkObjects: 1.735000 ms  DeleteObjects: 0.076800 ms)

========================================================================
Received Prepare
Registering precompiled user dll's ...
Registered in 0.004616 seconds.
Begin MonoManager ReloadAssembly
Native extension for WindowsStandalone target not found
Refreshing native plugins compatible for Editor in 0.37 ms, found 2 plugins.
Preloading 0 native plugins for Editor in 0.00 ms.
Mono: successfully reloaded assembly
- Completed reload, in  0.793 seconds
Platform modules already initialized, skipping
Refreshing native plugins compatible for Editor in 0.40 ms, found 2 plugins.
Preloading 0 native plugins for Editor in 0.00 ms.
Unloading 1545 Unused Serialized files (Serialized files now loaded: 0)
System memory in use before: 87.8 MB.
System memory in use after: 87.9 MB.

Unloading 14 unused Assets to reduce memory usage. Loaded Objects now: 2044.
Total: 1.882300 ms (FindLiveObjects: 0.155700 ms CreateObjectMapping: 0.040600 ms MarkObjects: 1.616000 ms  DeleteObjects: 0.069000 ms)

========================================================================
Received Prepare
Registering precompiled user dll's ...
Registered in 0.003034 seconds.
Begin MonoManager ReloadAssembly
Native extension for WindowsStandalone target not found
Refreshing native plugins compatible for Editor in 0.37 ms, found 2 plugins.
Preloading 0 native plugins for Editor in 0.00 ms.
Mono: successfully reloaded assembly
- Completed reload, in  0.803 seconds
Platform modules already initialized, skipping
Refreshing native plugins compatible for Editor in 0.39 ms, found 2 plugins.
Preloading 0 native plugins for Editor in 0.00 ms.
Unloading 1545 Unused Serialized files (Serialized files now loaded: 0)
System memory in use before: 87.8 MB.
System memory in use after: 87.9 MB.

Unloading 14 unused Assets to reduce memory usage. Loaded Objects now: 2047.
Total: 1.817000 ms (FindLiveObjects: 0.159100 ms CreateObjectMapping: 0.049000 ms MarkObjects: 1.538900 ms  DeleteObjects: 0.069300 ms)

========================================================================
Received Import Request.
  Time since last request: 534.080929 seconds.
  path: Assets/Scripts/Player/Player.cs
  artifactKey: Guid(2ce61cf050671864998c043bf1704a83) Importer(815301076,1909f56bfc062723c751e8b465ee728b)
Start importing Assets/Scripts/Player/Player.cs using Guid(2ce61cf050671864998c043bf1704a83) Importer(815301076,1909f56bfc062723c751e8b465ee728b)  -> (artifact id: '82f7badfc406afc4e7915a2cd5516e5f') in 0.005304 seconds
  Import took 0.008052 seconds .

========================================================================
Received Import Request.
  Time since last request: 0.023274 seconds.
  path: Assets/Scripts/Player/Player.cs
  artifactKey: Guid(2ce61cf050671864998c043bf1704a83) Importer(815301076,1909f56bfc062723c751e8b465ee728b)
Start importing Assets/Scripts/Player/Player.cs using Guid(2ce61cf050671864998c043bf1704a83) Importer(815301076,1909f56bfc062723c751e8b465ee728b)  -> (artifact id: '82f7badfc406afc4e7915a2cd5516e5f') in 0.003788 seconds
  Import took 0.006131 seconds .

========================================================================
Received Prepare
Registering precompiled user dll's ...
Registered in 0.002013 seconds.
Begin MonoManager ReloadAssembly
Native extension for WindowsStandalone target not found
Refreshing native plugins compatible for Editor in 0.41 ms, found 2 plugins.
Preloading 0 native plugins for Editor in 0.00 ms.
Mono: successfully reloaded assembly
- Completed reload, in  0.787 seconds
Platform modules already initialized, skipping
Refreshing native plugins compatible for Editor in 0.40 ms, found 2 plugins.
Preloading 0 native plugins for Editor in 0.00 ms.
Unloading 1545 Unused Serialized files (Serialized files now loaded: 0)
System memory in use before: 87.8 MB.
System memory in use after: 87.9 MB.

Unloading 14 unused Assets to reduce memory usage. Loaded Objects now: 2050.
Total: 1.895300 ms (FindLiveObjects: 0.155700 ms CreateObjectMapping: 0.052100 ms MarkObjects: 1.615700 ms  DeleteObjects: 0.071100 ms)

========================================================================
Received Prepare
Registering precompiled user dll's ...
Registered in 0.002088 seconds.
Begin MonoManager ReloadAssembly
Native extension for WindowsStandalone target not found
Refreshing native plugins compatible for Editor in 0.38 ms, found 2 plugins.
Preloading 0 native plugins for Editor in 0.00 ms.
Mono: successfully reloaded assembly
- Completed reload, in  0.816 seconds
Platform modules already initialized, skipping
Refreshing native plugins compatible for Editor in 0.38 ms, found 2 plugins.
Preloading 0 native plugins for Editor in 0.00 ms.
Unloading 1545 Unused Serialized files (Serialized files now loaded: 0)
System memory in use before: 87.8 MB.
System memory in use after: 87.9 MB.

Unloading 14 unused Assets to reduce memory usage. Loaded Objects now: 2053.
Total: 1.850700 ms (FindLiveObjects: 0.158800 ms CreateObjectMapping: 0.050500 ms MarkObjects: 1.572900 ms  DeleteObjects: 0.067600 ms)

========================================================================
Received Prepare
Registering precompiled user dll's ...
Registered in 0.002160 seconds.
Begin MonoManager ReloadAssembly
Native extension for WindowsStandalone target not found
Refreshing native plugins compatible for Editor in 0.42 ms, found 2 plugins.
Preloading 0 native plugins for Editor in 0.00 ms.
Mono: successfully reloaded assembly
- Completed reload, in  0.791 seconds
Platform modules already initialized, skipping
Refreshing native plugins compatible for Editor in 0.38 ms, found 2 plugins.
Preloading 0 native plugins for Editor in 0.00 ms.
Unloading 1545 Unused Serialized files (Serialized files now loaded: 0)
System memory in use before: 87.8 MB.
System memory in use after: 87.9 MB.

Unloading 14 unused Assets to reduce memory usage. Loaded Objects now: 2056.
Total: 1.914500 ms (FindLiveObjects: 0.148300 ms CreateObjectMapping: 0.039600 ms MarkObjects: 1.654600 ms  DeleteObjects: 0.071200 ms)

========================================================================
Received Prepare
Registering precompiled user dll's ...
Registered in 0.002093 seconds.
Begin MonoManager ReloadAssembly
Native extension for WindowsStandalone target not found
Refreshing native plugins compatible for Editor in 0.41 ms, found 2 plugins.
Preloading 0 native plugins for Editor in 0.00 ms.
Mono: successfully reloaded assembly
- Completed reload, in  0.756 seconds
Platform modules already initialized, skipping
Refreshing native plugins compatible for Editor in 0.38 ms, found 2 plugins.
Preloading 0 native plugins for Editor in 0.00 ms.
Unloading 1545 Unused Serialized files (Serialized files now loaded: 0)
System memory in use before: 87.8 MB.
System memory in use after: 87.9 MB.

Unloading 14 unused Assets to reduce memory usage. Loaded Objects now: 2059.
Total: 1.835900 ms (FindLiveObjects: 0.145000 ms CreateObjectMapping: 0.048500 ms MarkObjects: 1.564700 ms  DeleteObjects: 0.076900 ms)

========================================================================
Received Import Request.
  Time since last request: 343.753606 seconds.
  path: Assets/Scripts/Camera
  artifactKey: Guid(513174f8089197a41b7f6d80ac64ff38) Importer(815301076,1909f56bfc062723c751e8b465ee728b)
Start importing Assets/Scripts/Camera using Guid(513174f8089197a41b7f6d80ac64ff38) Importer(815301076,1909f56bfc062723c751e8b465ee728b)  -> (artifact id: 'ef82b381a42d864699558f831a284eda') in 0.008686 seconds
  Import took 0.010795 seconds .

========================================================================
Received Import Request.
  Time since last request: 10.500827 seconds.
  path: Assets/Scripts/Camera/CamMove.cs
  artifactKey: Guid(39fbbabed2113fc4aa52700812d7fed4) Importer(815301076,1909f56bfc062723c751e8b465ee728b)
Start importing Assets/Scripts/Camera/CamMove.cs using Guid(39fbbabed2113fc4aa52700812d7fed4) Importer(815301076,1909f56bfc062723c751e8b465ee728b)  -> (artifact id: '11eee1abb438804e268c67628ad333b3') in 0.008982 seconds
  Import took 0.012239 seconds .

========================================================================
Received Prepare
Registering precompiled user dll's ...
Registered in 0.002046 seconds.
Begin MonoManager ReloadAssembly
Native extension for WindowsStandalone target not found
Refreshing native plugins compatible for Editor in 0.40 ms, found 2 plugins.
Preloading 0 native plugins for Editor in 0.00 ms.
Mono: successfully reloaded assembly
- Completed reload, in  0.819 seconds
Platform modules already initialized, skipping
Refreshing native plugins compatible for Editor in 0.50 ms, found 2 plugins.
Preloading 0 native plugins for Editor in 0.00 ms.
Unloading 1546 Unused Serialized files (Serialized files now loaded: 0)
System memory in use before: 87.9 MB.
System memory in use after: 87.9 MB.

Unloading 14 unused Assets to reduce memory usage. Loaded Objects now: 2063.
Total: 1.842500 ms (FindLiveObjects: 0.196300 ms CreateObjectMapping: 0.060700 ms MarkObjects: 1.505800 ms  DeleteObjects: 0.078900 ms)

========================================================================
Received Prepare
Registering precompiled user dll's ...
Registered in 0.003283 seconds.
Begin MonoManager ReloadAssembly
Native extension for WindowsStandalone target not found
Refreshing native plugins compatible for Editor in 0.38 ms, found 2 plugins.
Preloading 0 native plugins for Editor in 0.00 ms.
Mono: successfully reloaded assembly
- Completed reload, in  0.797 seconds
Platform modules already initialized, skipping
Refreshing native plugins compatible for Editor in 0.43 ms, found 2 plugins.
Preloading 0 native plugins for Editor in 0.00 ms.
Unloading 1546 Unused Serialized files (Serialized files now loaded: 0)
System memory in use before: 87.9 MB.
System memory in use after: 88.0 MB.

Unloading 14 unused Assets to reduce memory usage. Loaded Objects now: 2066.
Total: 1.859500 ms (FindLiveObjects: 0.153600 ms CreateObjectMapping: 0.041900 ms MarkObjects: 1.589300 ms  DeleteObjects: 0.073800 ms)

========================================================================
Received Import Request.
  Time since last request: 205.165406 seconds.
  path: Assets/Scripts/Camera/CamMove.cs
  artifactKey: Guid(39fbbabed2113fc4aa52700812d7fed4) Importer(815301076,1909f56bfc062723c751e8b465ee728b)
Start importing Assets/Scripts/Camera/CamMove.cs using Guid(39fbbabed2113fc4aa52700812d7fed4) Importer(815301076,1909f56bfc062723c751e8b465ee728b)  -> (artifact id: '3993c9b544be296c4fa5e53d0ab3cf11') in 0.004882 seconds
  Import took 0.006988 seconds .

========================================================================
Received Prepare
Registering precompiled user dll's ...
Registered in 0.002103 seconds.
Begin MonoManager ReloadAssembly
Native extension for WindowsStandalone target not found
Refreshing native plugins compatible for Editor in 0.39 ms, found 2 plugins.
Preloading 0 native plugins for Editor in 0.00 ms.
Mono: successfully reloaded assembly
- Completed reload, in  0.772 seconds
Platform modules already initialized, skipping
Refreshing native plugins compatible for Editor in 0.38 ms, found 2 plugins.
Preloading 0 native plugins for Editor in 0.00 ms.
Unloading 1546 Unused Serialized files (Serialized files now loaded: 0)
System memory in use before: 87.9 MB.
System memory in use after: 88.0 MB.

Unloading 14 unused Assets to reduce memory usage. Loaded Objects now: 2069.
Total: 1.812700 ms (FindLiveObjects: 0.123400 ms CreateObjectMapping: 0.036800 ms MarkObjects: 1.576500 ms  DeleteObjects: 0.075400 ms)

========================================================================
Received Import Request.
  Time since last request: 359.618395 seconds.
  path: Assets/Scripts/Camera/Zones
  artifactKey: Guid(0e4dff86e653d4e46b74cc59a2ff244d) Importer(815301076,1909f56bfc062723c751e8b465ee728b)
Start importing Assets/Scripts/Camera/Zones using Guid(0e4dff86e653d4e46b74cc59a2ff244d) Importer(815301076,1909f56bfc062723c751e8b465ee728b)  -> (artifact id: 'd8270bbfb954d427cfa5209053f93924') in 0.014119 seconds
  Import took 0.017472 seconds .

========================================================================
Received Import Request.
  Time since last request: 12.854857 seconds.
  path: Assets/Scripts/Camera/Zones/BedroomZone.cs
  artifactKey: Guid(165b29e4506e06449ae4873c53463597) Importer(815301076,1909f56bfc062723c751e8b465ee728b)
Start importing Assets/Scripts/Camera/Zones/BedroomZone.cs using Guid(165b29e4506e06449ae4873c53463597) Importer(815301076,1909f56bfc062723c751e8b465ee728b)  -> (artifact id: '5297c5c044b679aeb963b53db6857217') in 0.007253 seconds
  Import took 0.009866 seconds .

========================================================================
Received Import Request.
  Time since last request: 8.300449 seconds.
  path: Assets/Scripts/Camera/Zones/KitchenZone.cs
  artifactKey: Guid(e3fdc88e7fcc0704cb733943c77c9d5c) Importer(815301076,1909f56bfc062723c751e8b465ee728b)
Start importing Assets/Scripts/Camera/Zones/KitchenZone.cs using Guid(e3fdc88e7fcc0704cb733943c77c9d5c) Importer(815301076,1909f56bfc062723c751e8b465ee728b)  -> (artifact id: 'd637bcf0157b2f974b7c46cb60696323') in 0.007182 seconds
  Import took 0.009609 seconds .

========================================================================
Received Import Request.
  Time since last request: 7.978573 seconds.
  path: Assets/Scripts/Camera/Zones/BathroomZone.cs
  artifactKey: Guid(c2ec93f97942b244db78a9c4f69fd827) Importer(815301076,1909f56bfc062723c751e8b465ee728b)
Start importing Assets/Scripts/Camera/Zones/BathroomZone.cs using Guid(c2ec93f97942b244db78a9c4f69fd827) Importer(815301076,1909f56bfc062723c751e8b465ee728b)  -> (artifact id: '96c4c6fee8ed0c41daa0c09223058235') in 0.007442 seconds
  Import took 0.009746 seconds .

========================================================================
Received Import Request.
  Time since last request: 10.889826 seconds.
  path: Assets/Scripts/Camera/Zones/GameroomZone.cs
  artifactKey: Guid(fc1ee6511c7c65b4895740a95ffd66d3) Importer(815301076,1909f56bfc062723c751e8b465ee728b)
Start importing Assets/Scripts/Camera/Zones/GameroomZone.cs using Guid(fc1ee6511c7c65b4895740a95ffd66d3) Importer(815301076,1909f56bfc062723c751e8b465ee728b)  -> (artifact id: '263b013a4262ca5cde26345a5c5ce423') in 0.007905 seconds
  Import took 0.010607 seconds .

========================================================================
Received Import Request.
  Time since last request: 16.849370 seconds.
  path: Assets/Scripts/Camera/Zones/BathroomZone.cs
  artifactKey: Guid(c2ec93f97942b244db78a9c4f69fd827) Importer(815301076,1909f56bfc062723c751e8b465ee728b)
Start importing Assets/Scripts/Camera/Zones/BathroomZone.cs using Guid(c2ec93f97942b244db78a9c4f69fd827) Importer(815301076,1909f56bfc062723c751e8b465ee728b)  -> (artifact id: '0a9407803f0c214a0d5b4e89ec4fc4ea') in 0.002356 seconds
  Import took 0.004781 seconds .

========================================================================
Received Import Request.
  Time since last request: 33.425857 seconds.
  path: Assets/Scripts/Camera/Zones/GameroomZone.cs
  artifactKey: Guid(fc1ee6511c7c65b4895740a95ffd66d3) Importer(815301076,1909f56bfc062723c751e8b465ee728b)
Start importing Assets/Scripts/Camera/Zones/GameroomZone.cs using Guid(fc1ee6511c7c65b4895740a95ffd66d3) Importer(815301076,1909f56bfc062723c751e8b465ee728b)  -> (artifact id: 'd37e8187827c10cfc246ad7181495c02') in 0.002618 seconds
  Import took 0.005020 seconds .

========================================================================
Received Import Request.
  Time since last request: 33.988720 seconds.
  path: Assets/Scripts/Camera/Zones/KitchenZone.cs
  artifactKey: Guid(e3fdc88e7fcc0704cb733943c77c9d5c) Importer(815301076,1909f56bfc062723c751e8b465ee728b)
Start importing Assets/Scripts/Camera/Zones/KitchenZone.cs using Guid(e3fdc88e7fcc0704cb733943c77c9d5c) Importer(815301076,1909f56bfc062723c751e8b465ee728b)  -> (artifact id: 'f60e41415b037a67a976daf7622d62f2') in 0.002116 seconds
  Import took 0.004511 seconds .

========================================================================
Received Import Request.
  Time since last request: 109.845627 seconds.
  path: Assets/Scripts/Camera/Zones/BedroomZone.cs
  artifactKey: Guid(165b29e4506e06449ae4873c53463597) Importer(815301076,1909f56bfc062723c751e8b465ee728b)
Start importing Assets/Scripts/Camera/Zones/BedroomZone.cs using Guid(165b29e4506e06449ae4873c53463597) Importer(815301076,1909f56bfc062723c751e8b465ee728b)  -> (artifact id: 'd2bcab1025cef0f1d47c1d0e20bdd55e') in 0.002180 seconds
  Import took 0.004923 seconds .

========================================================================
Received Import Request.
  Time since last request: 11.914317 seconds.
  path: Assets/Scripts/Camera/CamMove.cs
  artifactKey: Guid(39fbbabed2113fc4aa52700812d7fed4) Importer(815301076,1909f56bfc062723c751e8b465ee728b)
Start importing Assets/Scripts/Camera/CamMove.cs using Guid(39fbbabed2113fc4aa52700812d7fed4) Importer(815301076,1909f56bfc062723c751e8b465ee728b)  -> (artifact id: '705bba37e47dd798a8712c0caea39113') in 0.002166 seconds
  Import took 0.004343 seconds .

========================================================================
Received Prepare
Registering precompiled user dll's ...
Registered in 0.003182 seconds.
Begin MonoManager ReloadAssembly
Native extension for WindowsStandalone target not found
Refreshing native plugins compatible for Editor in 0.40 ms, found 2 plugins.
Preloading 0 native plugins for Editor in 0.00 ms.
Mono: successfully reloaded assembly
- Completed reload, in  0.784 seconds
Platform modules already initialized, skipping
Refreshing native plugins compatible for Editor in 0.38 ms, found 2 plugins.
Preloading 0 native plugins for Editor in 0.00 ms.
Unloading 1550 Unused Serialized files (Serialized files now loaded: 0)
System memory in use before: 88.0 MB.
System memory in use after: 88.0 MB.

Unloading 14 unused Assets to reduce memory usage. Loaded Objects now: 2076.
Total: 1.778500 ms (FindLiveObjects: 0.135400 ms CreateObjectMapping: 0.042900 ms MarkObjects: 1.522200 ms  DeleteObjects: 0.077200 ms)

========================================================================
Received Prepare
Registering precompiled user dll's ...
Registered in 0.002360 seconds.
Begin MonoManager ReloadAssembly
Native extension for WindowsStandalone target not found
Refreshing native plugins compatible for Editor in 0.40 ms, found 2 plugins.
Preloading 0 native plugins for Editor in 0.00 ms.
Mono: successfully reloaded assembly
- Completed reload, in  0.809 seconds
Platform modules already initialized, skipping
Refreshing native plugins compatible for Editor in 0.42 ms, found 2 plugins.
Preloading 0 native plugins for Editor in 0.00 ms.
Unloading 1550 Unused Serialized files (Serialized files now loaded: 0)
System memory in use before: 88.0 MB.
System memory in use after: 88.1 MB.

Unloading 14 unused Assets to reduce memory usage. Loaded Objects now: 2079.
Total: 1.883200 ms (FindLiveObjects: 0.150500 ms CreateObjectMapping: 0.044700 ms MarkObjects: 1.602000 ms  DeleteObjects: 0.085100 ms)

========================================================================
Received Prepare
Registering precompiled user dll's ...
Registered in 0.002229 seconds.
Begin MonoManager ReloadAssembly
Native extension for WindowsStandalone target not found
Refreshing native plugins compatible for Editor in 0.37 ms, found 2 plugins.
Preloading 0 native plugins for Editor in 0.00 ms.
Mono: successfully reloaded assembly
- Completed reload, in  0.786 seconds
Platform modules already initialized, skipping
Refreshing native plugins compatible for Editor in 0.45 ms, found 2 plugins.
Preloading 0 native plugins for Editor in 0.00 ms.
Unloading 1550 Unused Serialized files (Serialized files now loaded: 0)
System memory in use before: 88.0 MB.
System memory in use after: 88.1 MB.

Unloading 14 unused Assets to reduce memory usage. Loaded Objects now: 2082.
Total: 1.786600 ms (FindLiveObjects: 0.161400 ms CreateObjectMapping: 0.049600 ms MarkObjects: 1.502400 ms  DeleteObjects: 0.072200 ms)

========================================================================
Received Prepare
Registering precompiled user dll's ...
Registered in 0.002033 seconds.
Begin MonoManager ReloadAssembly
Native extension for WindowsStandalone target not found
Refreshing native plugins compatible for Editor in 0.37 ms, found 2 plugins.
Preloading 0 native plugins for Editor in 0.00 ms.
Mono: successfully reloaded assembly
- Completed reload, in  0.778 seconds
Platform modules already initialized, skipping
Refreshing native plugins compatible for Editor in 0.38 ms, found 2 plugins.
Preloading 0 native plugins for Editor in 0.00 ms.
Unloading 1550 Unused Serialized files (Serialized files now loaded: 0)
System memory in use before: 88.0 MB.
System memory in use after: 88.1 MB.

Unloading 14 unused Assets to reduce memory usage. Loaded Objects now: 2085.
Total: 2.020900 ms (FindLiveObjects: 0.144500 ms CreateObjectMapping: 0.037500 ms MarkObjects: 1.765300 ms  DeleteObjects: 0.072900 ms)

========================================================================
Received Prepare
Registering precompiled user dll's ...
Registered in 0.002058 seconds.
Begin MonoManager ReloadAssembly
Native extension for WindowsStandalone target not found
Refreshing native plugins compatible for Editor in 0.39 ms, found 2 plugins.
Preloading 0 native plugins for Editor in 0.00 ms.
Mono: successfully reloaded assembly
- Completed reload, in  0.784 seconds
Platform modules already initialized, skipping
Refreshing native plugins compatible for Editor in 0.46 ms, found 2 plugins.
Preloading 0 native plugins for Editor in 0.00 ms.
Unloading 1550 Unused Serialized files (Serialized files now loaded: 0)
System memory in use before: 88.0 MB.
System memory in use after: 88.1 MB.

Unloading 14 unused Assets to reduce memory usage. Loaded Objects now: 2088.
Total: 1.682700 ms (FindLiveObjects: 0.140400 ms CreateObjectMapping: 0.040400 ms MarkObjects: 1.430300 ms  DeleteObjects: 0.070700 ms)

========================================================================
Received Prepare
Registering precompiled user dll's ...
Registered in 0.002595 seconds.
Begin MonoManager ReloadAssembly
Native extension for WindowsStandalone target not found
Refreshing native plugins compatible for Editor in 0.41 ms, found 2 plugins.
Preloading 0 native plugins for Editor in 0.00 ms.
Mono: successfully reloaded assembly
- Completed reload, in  0.794 seconds
Platform modules already initialized, skipping
Refreshing native plugins compatible for Editor in 0.50 ms, found 2 plugins.
Preloading 0 native plugins for Editor in 0.00 ms.
Unloading 1561 Unused Serialized files (Serialized files now loaded: 0)
System memory in use before: 88.4 MB.
System memory in use after: 88.5 MB.

Unloading 17 unused Assets to reduce memory usage. Loaded Objects now: 2105.
Total: 2.000900 ms (FindLiveObjects: 0.145100 ms CreateObjectMapping: 0.037500 ms MarkObjects: 1.743000 ms  DeleteObjects: 0.074700 ms)

========================================================================
Received Prepare
Registering precompiled user dll's ...
Registered in 0.003265 seconds.
Begin MonoManager ReloadAssembly
Native extension for WindowsStandalone target not found
Refreshing native plugins compatible for Editor in 0.40 ms, found 2 plugins.
Preloading 0 native plugins for Editor in 0.00 ms.
Mono: successfully reloaded assembly
- Completed reload, in  0.779 seconds
Platform modules already initialized, skipping
Refreshing native plugins compatible for Editor in 0.40 ms, found 2 plugins.
Preloading 0 native plugins for Editor in 0.00 ms.
Unloading 1560 Unused Serialized files (Serialized files now loaded: 0)
System memory in use before: 88.4 MB.
System memory in use after: 88.4 MB.

Unloading 16 unused Assets to reduce memory usage. Loaded Objects now: 2108.
Total: 1.858300 ms (FindLiveObjects: 0.162100 ms CreateObjectMapping: 0.051500 ms MarkObjects: 1.571200 ms  DeleteObjects: 0.072600 ms)

========================================================================
Received Prepare
Registering precompiled user dll's ...
Registered in 0.002779 seconds.
Begin MonoManager ReloadAssembly
Native extension for WindowsStandalone target not found
Refreshing native plugins compatible for Editor in 0.40 ms, found 2 plugins.
Preloading 0 native plugins for Editor in 0.00 ms.
Mono: successfully reloaded assembly
- Completed reload, in  0.788 seconds
Platform modules already initialized, skipping
Refreshing native plugins compatible for Editor in 0.41 ms, found 2 plugins.
Preloading 0 native plugins for Editor in 0.00 ms.
Unloading 1560 Unused Serialized files (Serialized files now loaded: 0)
System memory in use before: 88.4 MB.
System memory in use after: 88.5 MB.

Unloading 16 unused Assets to reduce memory usage. Loaded Objects now: 2111.
Total: 1.996100 ms (FindLiveObjects: 0.156700 ms CreateObjectMapping: 0.046800 ms MarkObjects: 1.717900 ms  DeleteObjects: 0.073900 ms)

========================================================================
Received Prepare
Registering precompiled user dll's ...
Registered in 0.002510 seconds.
Begin MonoManager ReloadAssembly
Native extension for WindowsStandalone target not found
Refreshing native plugins compatible for Editor in 0.39 ms, found 2 plugins.
Preloading 0 native plugins for Editor in 0.00 ms.
Mono: successfully reloaded assembly
- Completed reload, in  0.771 seconds
Platform modules already initialized, skipping
Refreshing native plugins compatible for Editor in 0.42 ms, found 2 plugins.
Preloading 0 native plugins for Editor in 0.00 ms.
Unloading 1560 Unused Serialized files (Serialized files now loaded: 0)
System memory in use before: 88.4 MB.
System memory in use after: 88.5 MB.

Unloading 16 unused Assets to reduce memory usage. Loaded Objects now: 2114.
Total: 2.233200 ms (FindLiveObjects: 0.158900 ms CreateObjectMapping: 0.068500 ms MarkObjects: 1.918100 ms  DeleteObjects: 0.086900 ms)

========================================================================
Received Prepare
Registering precompiled user dll's ...
Registered in 0.002756 seconds.
Begin MonoManager ReloadAssembly
Native extension for WindowsStandalone target not found
Refreshing native plugins compatible for Editor in 0.40 ms, found 2 plugins.
Preloading 0 native plugins for Editor in 0.00 ms.
Mono: successfully reloaded assembly
- Completed reload, in  0.784 seconds
Platform modules already initialized, skipping
Refreshing native plugins compatible for Editor in 0.41 ms, found 2 plugins.
Preloading 0 native plugins for Editor in 0.00 ms.
Unloading 1560 Unused Serialized files (Serialized files now loaded: 0)
System memory in use before: 88.4 MB.
System memory in use after: 88.5 MB.

Unloading 16 unused Assets to reduce memory usage. Loaded Objects now: 2117.
Total: 1.886400 ms (FindLiveObjects: 0.152000 ms CreateObjectMapping: 0.043900 ms MarkObjects: 1.612900 ms  DeleteObjects: 0.076900 ms)

========================================================================
Received Prepare
Registering precompiled user dll's ...
Registered in 0.002784 seconds.
Begin MonoManager ReloadAssembly
Native extension for WindowsStandalone target not found
Refreshing native plugins compatible for Editor in 0.39 ms, found 2 plugins.
Preloading 0 native plugins for Editor in 0.00 ms.
Mono: successfully reloaded assembly
- Completed reload, in  0.787 seconds
Platform modules already initialized, skipping
Refreshing native plugins compatible for Editor in 0.40 ms, found 2 plugins.
Preloading 0 native plugins for Editor in 0.00 ms.
Unloading 1560 Unused Serialized files (Serialized files now loaded: 0)
System memory in use before: 88.4 MB.
System memory in use after: 88.5 MB.

Unloading 16 unused Assets to reduce memory usage. Loaded Objects now: 2120.
Total: 1.966600 ms (FindLiveObjects: 0.152500 ms CreateObjectMapping: 0.038400 ms MarkObjects: 1.696200 ms  DeleteObjects: 0.078800 ms)

========================================================================
Received Prepare
Registering precompiled user dll's ...
Registered in 0.002893 seconds.
Begin MonoManager ReloadAssembly
Native extension for WindowsStandalone target not found
Refreshing native plugins compatible for Editor in 0.39 ms, found 2 plugins.
Preloading 0 native plugins for Editor in 0.00 ms.
Mono: successfully reloaded assembly
- Completed reload, in  0.772 seconds
Platform modules already initialized, skipping
Refreshing native plugins compatible for Editor in 0.39 ms, found 2 plugins.
Preloading 0 native plugins for Editor in 0.00 ms.
Unloading 1560 Unused Serialized files (Serialized files now loaded: 0)
System memory in use before: 88.4 MB.
System memory in use after: 88.5 MB.

Unloading 16 unused Assets to reduce memory usage. Loaded Objects now: 2123.
Total: 2.037100 ms (FindLiveObjects: 0.195300 ms CreateObjectMapping: 0.044800 ms MarkObjects: 1.718900 ms  DeleteObjects: 0.077100 ms)

========================================================================
Received Import Request.
  Time since last request: 1794.217360 seconds.
  path: Assets/Scripts/Furniture/Refrigerator/OpenFridgeZone.cs
  artifactKey: Guid(36f11ce09079c014c9902ba02804a6f3) Importer(815301076,1909f56bfc062723c751e8b465ee728b)
Start importing Assets/Scripts/Furniture/Refrigerator/OpenFridgeZone.cs using Guid(36f11ce09079c014c9902ba02804a6f3) Importer(815301076,1909f56bfc062723c751e8b465ee728b)  -> (artifact id: '27091e548e0526d589a188c155c642ed') in 0.011372 seconds
  Import took 0.014142 seconds .

========================================================================
Received Prepare
Registering precompiled user dll's ...
Registered in 0.002484 seconds.
Begin MonoManager ReloadAssembly
Native extension for WindowsStandalone target not found
Refreshing native plugins compatible for Editor in 0.50 ms, found 2 plugins.
Preloading 0 native plugins for Editor in 0.00 ms.
Mono: successfully reloaded assembly
- Completed reload, in  0.844 seconds
Platform modules already initialized, skipping
Refreshing native plugins compatible for Editor in 0.50 ms, found 2 plugins.
Preloading 0 native plugins for Editor in 0.00 ms.
Unloading 1560 Unused Serialized files (Serialized files now loaded: 0)
System memory in use before: 88.4 MB.
System memory in use after: 88.5 MB.

Unloading 16 unused Assets to reduce memory usage. Loaded Objects now: 2126.
Total: 1.774500 ms (FindLiveObjects: 0.151700 ms CreateObjectMapping: 0.043600 ms MarkObjects: 1.500900 ms  DeleteObjects: 0.077100 ms)

========================================================================
Received Prepare
Registering precompiled user dll's ...
Registered in 0.002567 seconds.
Begin MonoManager ReloadAssembly
Native extension for WindowsStandalone target not found
Refreshing native plugins compatible for Editor in 0.41 ms, found 2 plugins.
Preloading 0 native plugins for Editor in 0.00 ms.
Mono: successfully reloaded assembly
- Completed reload, in  0.786 seconds
Platform modules already initialized, skipping
Refreshing native plugins compatible for Editor in 0.43 ms, found 2 plugins.
Preloading 0 native plugins for Editor in 0.00 ms.
Unloading 1560 Unused Serialized files (Serialized files now loaded: 0)
System memory in use before: 88.4 MB.
System memory in use after: 88.5 MB.

Unloading 16 unused Assets to reduce memory usage. Loaded Objects now: 2129.
Total: 1.950400 ms (FindLiveObjects: 0.151400 ms CreateObjectMapping: 0.051400 ms MarkObjects: 1.669900 ms  DeleteObjects: 0.076700 ms)

========================================================================
Received Prepare
Registering precompiled user dll's ...
Registered in 0.003471 seconds.
Begin MonoManager ReloadAssembly
Native extension for WindowsStandalone target not found
Refreshing native plugins compatible for Editor in 0.39 ms, found 2 plugins.
Preloading 0 native plugins for Editor in 0.00 ms.
Mono: successfully reloaded assembly
- Completed reload, in  0.793 seconds
Platform modules already initialized, skipping
Refreshing native plugins compatible for Editor in 0.40 ms, found 2 plugins.
Preloading 0 native plugins for Editor in 0.00 ms.
Unloading 1560 Unused Serialized files (Serialized files now loaded: 0)
System memory in use before: 88.4 MB.
System memory in use after: 88.5 MB.

Unloading 16 unused Assets to reduce memory usage. Loaded Objects now: 2132.
Total: 1.955900 ms (FindLiveObjects: 0.149100 ms CreateObjectMapping: 0.036700 ms MarkObjects: 1.696900 ms  DeleteObjects: 0.072600 ms)

========================================================================
Received Prepare
Registering precompiled user dll's ...
Registered in 0.002593 seconds.
Begin MonoManager ReloadAssembly
Native extension for WindowsStandalone target not found
Refreshing native plugins compatible for Editor in 0.40 ms, found 2 plugins.
Preloading 0 native plugins for Editor in 0.00 ms.
Mono: successfully reloaded assembly
- Completed reload, in  0.790 seconds
Platform modules already initialized, skipping
Refreshing native plugins compatible for Editor in 0.42 ms, found 2 plugins.
Preloading 0 native plugins for Editor in 0.00 ms.
Unloading 1560 Unused Serialized files (Serialized files now loaded: 0)
System memory in use before: 88.4 MB.
System memory in use after: 88.5 MB.

Unloading 16 unused Assets to reduce memory usage. Loaded Objects now: 2135.
Total: 1.930100 ms (FindLiveObjects: 0.155500 ms CreateObjectMapping: 0.038800 ms MarkObjects: 1.658600 ms  DeleteObjects: 0.076500 ms)

========================================================================
Received Prepare
Registering precompiled user dll's ...
Registered in 0.002500 seconds.
Begin MonoManager ReloadAssembly
Native extension for WindowsStandalone target not found
Refreshing native plugins compatible for Editor in 0.40 ms, found 2 plugins.
Preloading 0 native plugins for Editor in 0.00 ms.
Mono: successfully reloaded assembly
- Completed reload, in  0.803 seconds
Platform modules already initialized, skipping
Refreshing native plugins compatible for Editor in 0.40 ms, found 2 plugins.
Preloading 0 native plugins for Editor in 0.00 ms.
Unloading 1560 Unused Serialized files (Serialized files now loaded: 0)
System memory in use before: 88.4 MB.
System memory in use after: 88.5 MB.

Unloading 16 unused Assets to reduce memory usage. Loaded Objects now: 2138.
Total: 1.918900 ms (FindLiveObjects: 0.161400 ms CreateObjectMapping: 0.045800 ms MarkObjects: 1.638400 ms  DeleteObjects: 0.072700 ms)

========================================================================
Received Prepare
Registering precompiled user dll's ...
Registered in 0.002481 seconds.
Begin MonoManager ReloadAssembly
Native extension for WindowsStandalone target not found
Refreshing native plugins compatible for Editor in 0.41 ms, found 2 plugins.
Preloading 0 native plugins for Editor in 0.00 ms.
Mono: successfully reloaded assembly
- Completed reload, in  0.777 seconds
Platform modules already initialized, skipping
Refreshing native plugins compatible for Editor in 0.39 ms, found 2 plugins.
Preloading 0 native plugins for Editor in 0.00 ms.
Unloading 1560 Unused Serialized files (Serialized files now loaded: 0)
System memory in use before: 88.4 MB.
System memory in use after: 88.5 MB.

Unloading 16 unused Assets to reduce memory usage. Loaded Objects now: 2141.
Total: 1.991000 ms (FindLiveObjects: 0.178000 ms CreateObjectMapping: 0.049900 ms MarkObjects: 1.686300 ms  DeleteObjects: 0.075600 ms)

========================================================================
Received Prepare
Registering precompiled user dll's ...
Registered in 0.002426 seconds.
Begin MonoManager ReloadAssembly
Native extension for WindowsStandalone target not found
Refreshing native plugins compatible for Editor in 0.45 ms, found 2 plugins.
Preloading 0 native plugins for Editor in 0.00 ms.
Mono: successfully reloaded assembly
- Completed reload, in  0.788 seconds
Platform modules already initialized, skipping
Refreshing native plugins compatible for Editor in 0.41 ms, found 2 plugins.
Preloading 0 native plugins for Editor in 0.00 ms.
Unloading 1560 Unused Serialized files (Serialized files now loaded: 0)
System memory in use before: 88.4 MB.
System memory in use after: 88.5 MB.

Unloading 16 unused Assets to reduce memory usage. Loaded Objects now: 2144.
Total: 1.950100 ms (FindLiveObjects: 0.139600 ms CreateObjectMapping: 0.044400 ms MarkObjects: 1.690300 ms  DeleteObjects: 0.075200 ms)

========================================================================
Received Prepare
Registering precompiled user dll's ...
Registered in 0.002882 seconds.
Begin MonoManager ReloadAssembly
Native extension for WindowsStandalone target not found
Refreshing native plugins compatible for Editor in 0.39 ms, found 2 plugins.
Preloading 0 native plugins for Editor in 0.00 ms.
Mono: successfully reloaded assembly
- Completed reload, in  0.794 seconds
Platform modules already initialized, skipping
Refreshing native plugins compatible for Editor in 0.39 ms, found 2 plugins.
Preloading 0 native plugins for Editor in 0.00 ms.
Unloading 1560 Unused Serialized files (Serialized files now loaded: 0)
System memory in use before: 88.4 MB.
System memory in use after: 88.5 MB.

Unloading 16 unused Assets to reduce memory usage. Loaded Objects now: 2147.
Total: 1.982700 ms (FindLiveObjects: 0.147800 ms CreateObjectMapping: 0.039900 ms MarkObjects: 1.722200 ms  DeleteObjects: 0.072100 ms)

========================================================================
Received Prepare
Registering precompiled user dll's ...
Registered in 0.002480 seconds.
Begin MonoManager ReloadAssembly
Native extension for WindowsStandalone target not found
Refreshing native plugins compatible for Editor in 0.39 ms, found 2 plugins.
Preloading 0 native plugins for Editor in 0.00 ms.
Mono: successfully reloaded assembly
- Completed reload, in  0.784 seconds
Platform modules already initialized, skipping
Refreshing native plugins compatible for Editor in 0.41 ms, found 2 plugins.
Preloading 0 native plugins for Editor in 0.00 ms.
Unloading 1560 Unused Serialized files (Serialized files now loaded: 0)
System memory in use before: 88.4 MB.
System memory in use after: 88.5 MB.

Unloading 16 unused Assets to reduce memory usage. Loaded Objects now: 2150.
Total: 1.846500 ms (FindLiveObjects: 0.148300 ms CreateObjectMapping: 0.037100 ms MarkObjects: 1.591700 ms  DeleteObjects: 0.068700 ms)

========================================================================
Received Prepare
Registering precompiled user dll's ...
Registered in 0.002482 seconds.
Begin MonoManager ReloadAssembly
Native extension for WindowsStandalone target not found
Refreshing native plugins compatible for Editor in 0.39 ms, found 2 plugins.
Preloading 0 native plugins for Editor in 0.00 ms.
Mono: successfully reloaded assembly
- Completed reload, in  0.777 seconds
Platform modules already initialized, skipping
Refreshing native plugins compatible for Editor in 0.40 ms, found 2 plugins.
Preloading 0 native plugins for Editor in 0.00 ms.
Unloading 1560 Unused Serialized files (Serialized files now loaded: 0)
System memory in use before: 88.5 MB.
System memory in use after: 88.5 MB.

Unloading 16 unused Assets to reduce memory usage. Loaded Objects now: 2153.
Total: 2.179700 ms (FindLiveObjects: 0.166800 ms CreateObjectMapping: 0.045400 ms MarkObjects: 1.890300 ms  DeleteObjects: 0.076400 ms)

========================================================================
Received Prepare
Registering precompiled user dll's ...
Registered in 0.002462 seconds.
Begin MonoManager ReloadAssembly
Native extension for WindowsStandalone target not found
Refreshing native plugins compatible for Editor in 0.39 ms, found 2 plugins.
Preloading 0 native plugins for Editor in 0.00 ms.
Mono: successfully reloaded assembly
- Completed reload, in  0.770 seconds
Platform modules already initialized, skipping
Refreshing native plugins compatible for Editor in 0.39 ms, found 2 plugins.
Preloading 0 native plugins for Editor in 0.00 ms.
Unloading 1560 Unused Serialized files (Serialized files now loaded: 0)
System memory in use before: 88.5 MB.
System memory in use after: 88.5 MB.

Unloading 16 unused Assets to reduce memory usage. Loaded Objects now: 2156.
Total: 2.064300 ms (FindLiveObjects: 0.148200 ms CreateObjectMapping: 0.043600 ms MarkObjects: 1.793600 ms  DeleteObjects: 0.077900 ms)

========================================================================
Received Import Request.
  Time since last request: 2080.455687 seconds.
  path: Assets/Prefabs/Player.prefab
  artifactKey: Guid(3e5b87f0c36069148b51d35a4100dff2) Importer(815301076,1909f56bfc062723c751e8b465ee728b)
Start importing Assets/Prefabs/Player.prefab using Guid(3e5b87f0c36069148b51d35a4100dff2) Importer(815301076,1909f56bfc062723c751e8b465ee728b)  -> (artifact id: 'ddc4d0f621d336654c26cffe958a3aea') in 0.811329 seconds
  Import took 0.814190 seconds .

========================================================================
Received Import Request.
  Time since last request: 54.328071 seconds.
  path: Assets/Prefabs/CameraPositions
  artifactKey: Guid(609304a4ce0a4574e90eeabe7d68d476) Importer(815301076,1909f56bfc062723c751e8b465ee728b)
Start importing Assets/Prefabs/CameraPositions using Guid(609304a4ce0a4574e90eeabe7d68d476) Importer(815301076,1909f56bfc062723c751e8b465ee728b)  -> (artifact id: '05961d82cbbf01aa682dae43e247f275') in 0.007750 seconds
  Import took 0.010729 seconds .

========================================================================
Received Import Request.
  Time since last request: 2.613713 seconds.
  path: Assets/Prefabs/CameraPositions/GameroomPosition.prefab
  artifactKey: Guid(a99dbf11bfc8bc1409cebe0ea562ba4e) Importer(815301076,1909f56bfc062723c751e8b465ee728b)
Start importing Assets/Prefabs/CameraPositions/GameroomPosition.prefab using Guid(a99dbf11bfc8bc1409cebe0ea562ba4e) Importer(815301076,1909f56bfc062723c751e8b465ee728b)  -> (artifact id: 'd96a3fd245be5b1effca16e61f9e7148') in 0.009097 seconds
  Import took 0.011886 seconds .

========================================================================
Received Import Request.
  Time since last request: 2.544751 seconds.
  path: Assets/Prefabs/BathroomPosition.prefab
  artifactKey: Guid(28a80938e7a710747a7406e260953a3b) Importer(815301076,1909f56bfc062723c751e8b465ee728b)
Start importing Assets/Prefabs/BathroomPosition.prefab using Guid(28a80938e7a710747a7406e260953a3b) Importer(815301076,1909f56bfc062723c751e8b465ee728b)  -> (artifact id: 'e15f13aabf57ecec942051c6b23026fe') in 0.006786 seconds
  Import took 0.009200 seconds .

========================================================================
Received Import Request.
  Time since last request: 6.574183 seconds.
  path: Assets/Prefabs/CameraPositions/KitchenPosition.prefab
  artifactKey: Guid(f1c97b92dbc92d947bda4201538b2c7e) Importer(815301076,1909f56bfc062723c751e8b465ee728b)
Start importing Assets/Prefabs/CameraPositions/KitchenPosition.prefab using Guid(f1c97b92dbc92d947bda4201538b2c7e) Importer(815301076,1909f56bfc062723c751e8b465ee728b)  -> (artifact id: '2b86ba664178653f5f2225f3518861d5') in 0.008376 seconds
  Import took 0.011328 seconds .

========================================================================
Received Import Request.
  Time since last request: 2.611938 seconds.
  path: Assets/Prefabs/CameraPositions/BedRoomPosition.prefab
  artifactKey: Guid(e9f272b3b2defda498ec56db6df903c4) Importer(815301076,1909f56bfc062723c751e8b465ee728b)
Start importing Assets/Prefabs/CameraPositions/BedRoomPosition.prefab using Guid(e9f272b3b2defda498ec56db6df903c4) Importer(815301076,1909f56bfc062723c751e8b465ee728b)  -> (artifact id: '223b4df6f38746acdfb59df66ce5e65b') in 0.007240 seconds
  Import took 0.009999 seconds .

========================================================================
Received Prepare
Registering precompiled user dll's ...
Registered in 0.002435 seconds.
Begin MonoManager ReloadAssembly
Native extension for WindowsStandalone target not found
Refreshing native plugins compatible for Editor in 0.67 ms, found 2 plugins.
Preloading 0 native plugins for Editor in 0.00 ms.
Mono: successfully reloaded assembly
- Completed reload, in  0.792 seconds
Platform modules already initialized, skipping
Refreshing native plugins compatible for Editor in 0.42 ms, found 2 plugins.
Preloading 0 native plugins for Editor in 0.00 ms.
Unloading 1560 Unused Serialized files (Serialized files now loaded: 0)
System memory in use before: 105.2 MB.
System memory in use after: 105.2 MB.

Unloading 16 unused Assets to reduce memory usage. Loaded Objects now: 2167.
Total: 1.946800 ms (FindLiveObjects: 0.146300 ms CreateObjectMapping: 0.051100 ms MarkObjects: 1.673500 ms  DeleteObjects: 0.074900 ms)

========================================================================
Received Import Request.
  Time since last request: 73.298052 seconds.
  path: Assets/Prefabs/CameraPositions/KitchenPosition.prefab
  artifactKey: Guid(f1c97b92dbc92d947bda4201538b2c7e) Importer(815301076,1909f56bfc062723c751e8b465ee728b)
Start importing Assets/Prefabs/CameraPositions/KitchenPosition.prefab using Guid(f1c97b92dbc92d947bda4201538b2c7e) Importer(815301076,1909f56bfc062723c751e8b465ee728b)  -> (artifact id: 'a78fb8c6caf29986aa8d70253ad106e0') in 0.028404 seconds
  Import took 0.031007 seconds .

========================================================================
Received Import Request.
  Time since last request: 0.541890 seconds.
  path: Assets/Prefabs/CameraPositions/BathroomPosition.prefab
  artifactKey: Guid(28a80938e7a710747a7406e260953a3b) Importer(815301076,1909f56bfc062723c751e8b465ee728b)
Start importing Assets/Prefabs/CameraPositions/BathroomPosition.prefab using Guid(28a80938e7a710747a7406e260953a3b) Importer(815301076,1909f56bfc062723c751e8b465ee728b)  -> (artifact id: 'f189315a441c6153980e6ea5f8c24bb4') in 0.003420 seconds
  Import took 0.005744 seconds .

========================================================================
Received Import Request.
  Time since last request: 0.515658 seconds.
  path: Assets/Prefabs/CameraPositions/BedRoomPosition.prefab
  artifactKey: Guid(e9f272b3b2defda498ec56db6df903c4) Importer(815301076,1909f56bfc062723c751e8b465ee728b)
Start importing Assets/Prefabs/CameraPositions/BedRoomPosition.prefab using Guid(e9f272b3b2defda498ec56db6df903c4) Importer(815301076,1909f56bfc062723c751e8b465ee728b)  -> (artifact id: 'bd517190b45d29f7f177d3693e6ec7f1') in 0.002948 seconds
  Import took 0.005206 seconds .

========================================================================
Received Import Request.
  Time since last request: 1.059680 seconds.
  path: Assets/Prefabs/CameraPositions/GameroomPosition.prefab
  artifactKey: Guid(a99dbf11bfc8bc1409cebe0ea562ba4e) Importer(815301076,1909f56bfc062723c751e8b465ee728b)
Start importing Assets/Prefabs/CameraPositions/GameroomPosition.prefab using Guid(a99dbf11bfc8bc1409cebe0ea562ba4e) Importer(815301076,1909f56bfc062723c751e8b465ee728b)  -> (artifact id: '90fc706d9e1764220debe75d4eea539b') in 0.003033 seconds
  Import took 0.005469 seconds .

========================================================================
Received Prepare
Registering precompiled user dll's ...
Registered in 0.002448 seconds.
Begin MonoManager ReloadAssembly
Native extension for WindowsStandalone target not found
Refreshing native plugins compatible for Editor in 0.49 ms, found 2 plugins.
Preloading 0 native plugins for Editor in 0.00 ms.
Mono: successfully reloaded assembly
- Completed reload, in  0.807 seconds
Platform modules already initialized, skipping
Refreshing native plugins compatible for Editor in 0.60 ms, found 2 plugins.
Preloading 0 native plugins for Editor in 0.00 ms.
Unloading 1560 Unused Serialized files (Serialized files now loaded: 0)
System memory in use before: 105.2 MB.
System memory in use after: 105.3 MB.

Unloading 16 unused Assets to reduce memory usage. Loaded Objects now: 2170.
Total: 2.185800 ms (FindLiveObjects: 0.169600 ms CreateObjectMapping: 0.047100 ms MarkObjects: 1.876000 ms  DeleteObjects: 0.092100 ms)

========================================================================
Received Import Request.
  Time since last request: 16.209000 seconds.
  path: Assets/Prefabs/CameraPositions/KitchenPosition.prefab
  artifactKey: Guid(f1c97b92dbc92d947bda4201538b2c7e) Importer(815301076,1909f56bfc062723c751e8b465ee728b)
Start importing Assets/Prefabs/CameraPositions/KitchenPosition.prefab using Guid(f1c97b92dbc92d947bda4201538b2c7e) Importer(815301076,1909f56bfc062723c751e8b465ee728b)  -> (artifact id: 'c12b025a89df6aae63577568a6416641') in 0.029064 seconds
  Import took 0.031836 seconds .

========================================================================
Received Import Request.
  Time since last request: 12.937098 seconds.
  path: Assets/Prefabs/CameraPositions/BedRoomPosition.prefab
  artifactKey: Guid(e9f272b3b2defda498ec56db6df903c4) Importer(815301076,1909f56bfc062723c751e8b465ee728b)
Start importing Assets/Prefabs/CameraPositions/BedRoomPosition.prefab using Guid(e9f272b3b2defda498ec56db6df903c4) Importer(815301076,1909f56bfc062723c751e8b465ee728b)  -> (artifact id: '7b70b5135fbb1cc6bea25d3d129a807d') in 0.007185 seconds
  Import took 0.009714 seconds .

========================================================================
Received Prepare
Registering precompiled user dll's ...
Registered in 0.002562 seconds.
Begin MonoManager ReloadAssembly
Native extension for WindowsStandalone target not found
Refreshing native plugins compatible for Editor in 0.42 ms, found 2 plugins.
Preloading 0 native plugins for Editor in 0.00 ms.
Mono: successfully reloaded assembly
- Completed reload, in  0.826 seconds
Platform modules already initialized, skipping
Refreshing native plugins compatible for Editor in 0.60 ms, found 2 plugins.
Preloading 0 native plugins for Editor in 0.00 ms.
Unloading 1560 Unused Serialized files (Serialized files now loaded: 0)
System memory in use before: 105.2 MB.
System memory in use after: 105.3 MB.

Unloading 16 unused Assets to reduce memory usage. Loaded Objects now: 2173.
Total: 2.134300 ms (FindLiveObjects: 0.163800 ms CreateObjectMapping: 0.051000 ms MarkObjects: 1.836200 ms  DeleteObjects: 0.081800 ms)

========================================================================
Received Import Request.
  Time since last request: 6.928643 seconds.
  path: Assets/Prefabs/CameraPositions/BedRoomPosition.prefab
  artifactKey: Guid(e9f272b3b2defda498ec56db6df903c4) Importer(815301076,1909f56bfc062723c751e8b465ee728b)
Start importing Assets/Prefabs/CameraPositions/BedRoomPosition.prefab using Guid(e9f272b3b2defda498ec56db6df903c4) Importer(815301076,1909f56bfc062723c751e8b465ee728b)  -> (artifact id: '55fe320aed5f9e3518623384157bd355') in 0.026782 seconds
  Import took 0.029250 seconds .

========================================================================
Received Import Request.
  Time since last request: 36.186184 seconds.
  path: Assets/Prefabs/CameraPositions/GameroomPosition.prefab
  artifactKey: Guid(a99dbf11bfc8bc1409cebe0ea562ba4e) Importer(815301076,1909f56bfc062723c751e8b465ee728b)
Start importing Assets/Prefabs/CameraPositions/GameroomPosition.prefab using Guid(a99dbf11bfc8bc1409cebe0ea562ba4e) Importer(815301076,1909f56bfc062723c751e8b465ee728b)  -> (artifact id: 'ef557f2d032dc8b8a2d60719150456b6') in 0.003074 seconds
  Import took 0.005585 seconds .

========================================================================
Received Import Request.
  Time since last request: 23.657191 seconds.
  path: Assets/Prefabs/CameraPositions/BathroomPosition.prefab
  artifactKey: Guid(28a80938e7a710747a7406e260953a3b) Importer(815301076,1909f56bfc062723c751e8b465ee728b)
Start importing Assets/Prefabs/CameraPositions/BathroomPosition.prefab using Guid(28a80938e7a710747a7406e260953a3b) Importer(815301076,1909f56bfc062723c751e8b465ee728b)  -> (artifact id: '7156b52d40060625338ede0c2b446af6') in 0.003125 seconds
  Import took 0.005553 seconds .

========================================================================
Received Prepare
Registering precompiled user dll's ...
Registered in 0.002773 seconds.
Begin MonoManager ReloadAssembly
Native extension for WindowsStandalone target not found
Refreshing native plugins compatible for Editor in 0.40 ms, found 2 plugins.
Preloading 0 native plugins for Editor in 0.00 ms.
Mono: successfully reloaded assembly
- Completed reload, in  0.782 seconds
Platform modules already initialized, skipping
Refreshing native plugins compatible for Editor in 0.40 ms, found 2 plugins.
Preloading 0 native plugins for Editor in 0.00 ms.
Unloading 1560 Unused Serialized files (Serialized files now loaded: 0)
System memory in use before: 105.2 MB.
System memory in use after: 105.3 MB.

Unloading 16 unused Assets to reduce memory usage. Loaded Objects now: 2176.
Total: 1.971300 ms (FindLiveObjects: 0.159900 ms CreateObjectMapping: 0.037700 ms MarkObjects: 1.697800 ms  DeleteObjects: 0.075200 ms)

AssetImportWorkerClient::OnTransportError - code=2 error=End of file
