Using pre-set license
Built from '2020.3/staging' branch; Version is '2020.3.11f1 (99c7afb366b3) revision 10078127'; Using compiler version '192528614'; Build Type 'Release'
OS: 'Windows 10 Pro; OS build 19041.1348; Version 2004; 64bit' Language: 'ru' Physical Memory: 16317 MB
BatchMode: 1, IsHumanControllingUs: 0, StartBugReporterOnCrash: 0, Is64bit: 1, IsPro: 0

 COMMAND LINE ARGUMENTS:
B:\Program Files\2020.3.11f1\Editor\Unity.exe
-adb2
-batchMode
-noUpm
-name
AssetImportWorker0
-projectPath
E:/GitHub/Kamilla_simulator/Kamilla's simulator
-logFile
Logs/AssetImportWorker0.log
-srvPort
63479
Successfully changed project path to: E:/GitHub/Kamilla_simulator/Kamilla's simulator
E:/GitHub/Kamilla_simulator/Kamilla's simulator
Using Asset Import Pipeline V2.
Refreshing native plugins compatible for Editor in 35.28 ms, found 2 plugins.
Preloading 0 native plugins for Editor in 0.00 ms.
Initialize engine version: 2020.3.11f1 (99c7afb366b3)
[Subsystems] Discovering subsystems at path B:/Program Files/2020.3.11f1/Editor/Data/Resources/UnitySubsystems
[Subsystems] Discovering subsystems at path E:/GitHub/Kamilla_simulator/Kamilla's simulator/Assets
GfxDevice: creating device client; threaded=0
Direct3D:
    Version:  Direct3D 11.0 [level 11.1]
    Renderer: NVIDIA GeForce RTX 2070 SUPER (ID=0x1e84)
    Vendor:   
    VRAM:     8011 MB
    Driver:   30.0.14.7212
Initialize mono
Mono path[0] = 'B:/Program Files/2020.3.11f1/Editor/Data/Managed'
Mono path[1] = 'B:/Program Files/2020.3.11f1/Editor/Data/MonoBleedingEdge/lib/mono/unityjit'
Mono config path = 'B:/Program Files/2020.3.11f1/Editor/Data/MonoBleedingEdge/etc'
Using monoOptions --debugger-agent=transport=dt_socket,embedding=1,server=y,suspend=n,address=127.0.0.1:56160
Begin MonoManager ReloadAssembly
Registering precompiled unity dll's ...
Register platform support module: B:/Program Files/2020.3.11f1/Editor/Data/PlaybackEngines/WindowsStandaloneSupport/UnityEditor.WindowsStandalone.Extensions.dll
Registered in 0.000888 seconds.
Native extension for WindowsStandalone target not found
Refreshing native plugins compatible for Editor in 34.91 ms, found 2 plugins.
Preloading 0 native plugins for Editor in 0.00 ms.
Mono: successfully reloaded assembly
- Completed reload, in  1.237 seconds
Platform modules already initialized, skipping
Registering precompiled user dll's ...
Registered in 0.002378 seconds.
Begin MonoManager ReloadAssembly
Native extension for WindowsStandalone target not found
Refreshing native plugins compatible for Editor in 0.37 ms, found 2 plugins.
Preloading 0 native plugins for Editor in 0.00 ms.
Mono: successfully reloaded assembly
- Completed reload, in  0.806 seconds
Platform modules already initialized, skipping
========================================================================
Worker process is ready to serve import requests
Launched and connected shader compiler UnityShaderCompiler.exe after 0.05 seconds
Refreshing native plugins compatible for Editor in 0.40 ms, found 2 plugins.
Preloading 0 native plugins for Editor in 0.00 ms.
Unloading 1589 Unused Serialized files (Serialized files now loaded: 0)
System memory in use before: 89.1 MB.
System memory in use after: 89.1 MB.

Unloading 19 unused Assets to reduce memory usage. Loaded Objects now: 2043.
Total: 1.713000 ms (FindLiveObjects: 0.143200 ms CreateObjectMapping: 0.044400 ms MarkObjects: 1.442500 ms  DeleteObjects: 0.082000 ms)

========================================================================
Received Import Request.
  path: Assets/Animations/Door/door2.controller
  artifactKey: Guid(bbebe84fcf3d06f4ea97db50d7179c03) Importer(815301076,1909f56bfc062723c751e8b465ee728b)
Start importing Assets/Animations/Door/door2.controller using Guid(bbebe84fcf3d06f4ea97db50d7179c03) Importer(815301076,1909f56bfc062723c751e8b465ee728b)  -> (artifact id: 'f1acdb2a452c0c5207c934001f8115b3') in 0.030433 seconds
  Import took 0.032559 seconds .

========================================================================
Received Import Request.
  Time since last request: 0.000252 seconds.
  path: Assets/Animations/Door/door.controller
  artifactKey: Guid(fe1d68d9f0584ed4799a426cc659bc8c) Importer(815301076,1909f56bfc062723c751e8b465ee728b)
Start importing Assets/Animations/Door/door.controller using Guid(fe1d68d9f0584ed4799a426cc659bc8c) Importer(815301076,1909f56bfc062723c751e8b465ee728b)  -> (artifact id: '88fb8683ae55a867464367559a8c79e9') in 0.002452 seconds
  Import took 0.004814 seconds .

========================================================================
Received Prepare
Refreshing native plugins compatible for Editor in 1.90 ms, found 2 plugins.
Preloading 0 native plugins for Editor in 0.00 ms.
Unloading 12 Unused Serialized files (Serialized files now loaded: 0)
System memory in use before: 56.1 MB.
System memory in use after: 56.2 MB.

Unloading 12 unused Assets to reduce memory usage. Loaded Objects now: 2043.
Total: 1.998000 ms (FindLiveObjects: 0.132400 ms CreateObjectMapping: 0.045200 ms MarkObjects: 1.768400 ms  DeleteObjects: 0.051300 ms)

========================================================================
Received Import Request.
  Time since last request: 52.934000 seconds.
  path: Assets/Animations/Door/door2 1.controller
  artifactKey: Guid(e03d961e9a52ba14fa34cdad6f36fce0) Importer(815301076,1909f56bfc062723c751e8b465ee728b)
Start importing Assets/Animations/Door/door2 1.controller using Guid(e03d961e9a52ba14fa34cdad6f36fce0) Importer(815301076,1909f56bfc062723c751e8b465ee728b)  -> (artifact id: '531a364b92f006a3cb0205a79cb62c4e') in 0.014101 seconds
  Import took 0.016809 seconds .

========================================================================
Received Import Request.
  Time since last request: 0.805866 seconds.
  path: Assets/Animations/Door/door2 2.controller
  artifactKey: Guid(e527401a5810c7f45bb6c114c2401943) Importer(815301076,1909f56bfc062723c751e8b465ee728b)
Start importing Assets/Animations/Door/door2 2.controller using Guid(e527401a5810c7f45bb6c114c2401943) Importer(815301076,1909f56bfc062723c751e8b465ee728b)  -> (artifact id: 'f26779960aaea997b6a44ede74c1ff73') in 0.006278 seconds
  Import took 0.008711 seconds .

========================================================================
Received Import Request.
  Time since last request: 1.240334 seconds.
  path: Assets/Animations/Door/door2 1.controller
  artifactKey: Guid(e03d961e9a52ba14fa34cdad6f36fce0) Importer(815301076,1909f56bfc062723c751e8b465ee728b)
Start importing Assets/Animations/Door/door2 1.controller using Guid(e03d961e9a52ba14fa34cdad6f36fce0) Importer(815301076,1909f56bfc062723c751e8b465ee728b)  -> (artifact id: 'd49356da17a691cdfb57c5703f5fd11f') in 0.003328 seconds
  Import took 0.005823 seconds .

========================================================================
Received Import Request.
  Time since last request: 100.535730 seconds.
  path: Assets/Animations/Door/OpenRight.anim
  artifactKey: Guid(f23f896c2f8854343b4733049ac6d0bc) Importer(815301076,1909f56bfc062723c751e8b465ee728b)
Start importing Assets/Animations/Door/OpenRight.anim using Guid(f23f896c2f8854343b4733049ac6d0bc) Importer(815301076,1909f56bfc062723c751e8b465ee728b)  -> (artifact id: '383745db24cfec93daca808ad424d03b') in 0.007852 seconds
  Import took 0.010718 seconds .

========================================================================
Received Import Request.
  Time since last request: 0.003128 seconds.
  path: Assets/Animations/Door/OpenRight.anim
  artifactKey: Guid(f23f896c2f8854343b4733049ac6d0bc) Importer(815301076,1909f56bfc062723c751e8b465ee728b)
Start importing Assets/Animations/Door/OpenRight.anim using Guid(f23f896c2f8854343b4733049ac6d0bc) Importer(815301076,1909f56bfc062723c751e8b465ee728b)  -> (artifact id: '383745db24cfec93daca808ad424d03b') in 0.002332 seconds
  Import took 0.005347 seconds .

========================================================================
Received Import Request.
  Time since last request: 7.450365 seconds.
  path: Assets/Animations/Door/OpenLeft.anim
  artifactKey: Guid(28bca7b06ec3feb4bbd6761ac7cbb3be) Importer(815301076,1909f56bfc062723c751e8b465ee728b)
Start importing Assets/Animations/Door/OpenLeft.anim using Guid(28bca7b06ec3feb4bbd6761ac7cbb3be) Importer(815301076,1909f56bfc062723c751e8b465ee728b)  -> (artifact id: '49d2d96a390cf8dfed3f13750a896174') in 0.002452 seconds
  Import took 0.004914 seconds .

========================================================================
Received Import Request.
  Time since last request: 3.063410 seconds.
  path: Assets/Animations/Door/CloseRight.anim
  artifactKey: Guid(a2989654fba05eb47a2418028fb2bb29) Importer(815301076,1909f56bfc062723c751e8b465ee728b)
Start importing Assets/Animations/Door/CloseRight.anim using Guid(a2989654fba05eb47a2418028fb2bb29) Importer(815301076,1909f56bfc062723c751e8b465ee728b)  -> (artifact id: '78c0b327154191bd3c2701cdbcdce553') in 0.006169 seconds
  Import took 0.008561 seconds .

========================================================================
Received Import Request.
  Time since last request: 2.274511 seconds.
  path: Assets/Animations/Door/CloseLeft.anim
  artifactKey: Guid(dcf55e027d86d414c8de74a111223b3c) Importer(815301076,1909f56bfc062723c751e8b465ee728b)
Start importing Assets/Animations/Door/CloseLeft.anim using Guid(dcf55e027d86d414c8de74a111223b3c) Importer(815301076,1909f56bfc062723c751e8b465ee728b)  -> (artifact id: '8ceeb3de95b94838517b8829945526c1') in 0.006573 seconds
  Import took 0.008916 seconds .

========================================================================
Received Prepare
Registering precompiled user dll's ...
Registered in 0.002747 seconds.
Begin MonoManager ReloadAssembly
Native extension for WindowsStandalone target not found
Refreshing native plugins compatible for Editor in 0.37 ms, found 2 plugins.
Preloading 0 native plugins for Editor in 0.00 ms.
Mono: successfully reloaded assembly
- Completed reload, in  0.802 seconds
Platform modules already initialized, skipping
Refreshing native plugins compatible for Editor in 0.38 ms, found 2 plugins.
Preloading 0 native plugins for Editor in 0.00 ms.
Unloading 1563 Unused Serialized files (Serialized files now loaded: 0)
System memory in use before: 87.0 MB.
System memory in use after: 87.0 MB.

Unloading 14 unused Assets to reduce memory usage. Loaded Objects now: 2046.
Total: 1.872900 ms (FindLiveObjects: 0.154300 ms CreateObjectMapping: 0.057800 ms MarkObjects: 1.591000 ms  DeleteObjects: 0.068600 ms)

========================================================================
Received Prepare
Registering precompiled user dll's ...
Registered in 0.002451 seconds.
Begin MonoManager ReloadAssembly
Native extension for WindowsStandalone target not found
Refreshing native plugins compatible for Editor in 0.37 ms, found 2 plugins.
Preloading 0 native plugins for Editor in 0.00 ms.
Mono: successfully reloaded assembly
- Completed reload, in  0.744 seconds
Platform modules already initialized, skipping
Refreshing native plugins compatible for Editor in 0.37 ms, found 2 plugins.
Preloading 0 native plugins for Editor in 0.00 ms.
Unloading 1563 Unused Serialized files (Serialized files now loaded: 0)
System memory in use before: 87.0 MB.
System memory in use after: 87.1 MB.

Unloading 14 unused Assets to reduce memory usage. Loaded Objects now: 2049.
Total: 1.637500 ms (FindLiveObjects: 0.129500 ms CreateObjectMapping: 0.035500 ms MarkObjects: 1.414500 ms  DeleteObjects: 0.057200 ms)

========================================================================
Received Import Request.
  Time since last request: 223.356984 seconds.
  path: Assets/Animations/Door/door2 2.controller
  artifactKey: Guid(e527401a5810c7f45bb6c114c2401943) Importer(815301076,1909f56bfc062723c751e8b465ee728b)
Start importing Assets/Animations/Door/door2 2.controller using Guid(e527401a5810c7f45bb6c114c2401943) Importer(815301076,1909f56bfc062723c751e8b465ee728b)  -> (artifact id: '66b89c42dc0ac0b079e5c6a384ae1e67') in 0.020913 seconds
  Import took 0.023387 seconds .

========================================================================
Received Import Request.
  Time since last request: 23.126845 seconds.
  path: Assets/Animations/Door/OpenRight.anim
  artifactKey: Guid(f23f896c2f8854343b4733049ac6d0bc) Importer(815301076,1909f56bfc062723c751e8b465ee728b)
Start importing Assets/Animations/Door/OpenRight.anim using Guid(f23f896c2f8854343b4733049ac6d0bc) Importer(815301076,1909f56bfc062723c751e8b465ee728b)  -> (artifact id: '5825087f3ac9aaaabb39a0a36d6478e4') in 0.002511 seconds
  Import took 0.004772 seconds .

========================================================================
Received Import Request.
  Time since last request: 0.007692 seconds.
  path: Assets/Animations/Door/OpenRight.anim
  artifactKey: Guid(f23f896c2f8854343b4733049ac6d0bc) Importer(815301076,1909f56bfc062723c751e8b465ee728b)
Start importing Assets/Animations/Door/OpenRight.anim using Guid(f23f896c2f8854343b4733049ac6d0bc) Importer(815301076,1909f56bfc062723c751e8b465ee728b)  -> (artifact id: '5825087f3ac9aaaabb39a0a36d6478e4') in 0.002206 seconds
  Import took 0.004377 seconds .

========================================================================
Received Prepare
Registering precompiled user dll's ...
Registered in 0.003608 seconds.
Begin MonoManager ReloadAssembly
Native extension for WindowsStandalone target not found
Refreshing native plugins compatible for Editor in 0.43 ms, found 2 plugins.
Preloading 0 native plugins for Editor in 0.00 ms.
Mono: successfully reloaded assembly
- Completed reload, in  0.751 seconds
Platform modules already initialized, skipping
Refreshing native plugins compatible for Editor in 0.40 ms, found 2 plugins.
Preloading 0 native plugins for Editor in 0.00 ms.
Unloading 1563 Unused Serialized files (Serialized files now loaded: 0)
System memory in use before: 87.0 MB.
System memory in use after: 87.1 MB.

Unloading 14 unused Assets to reduce memory usage. Loaded Objects now: 2052.
Total: 1.627200 ms (FindLiveObjects: 0.128500 ms CreateObjectMapping: 0.036600 ms MarkObjects: 1.402200 ms  DeleteObjects: 0.059100 ms)

========================================================================
Received Prepare
Registering precompiled user dll's ...
Registered in 0.002359 seconds.
Begin MonoManager ReloadAssembly
Native extension for WindowsStandalone target not found
Refreshing native plugins compatible for Editor in 0.37 ms, found 2 plugins.
Preloading 0 native plugins for Editor in 0.00 ms.
Mono: successfully reloaded assembly
- Completed reload, in  0.750 seconds
Platform modules already initialized, skipping
Refreshing native plugins compatible for Editor in 0.39 ms, found 2 plugins.
Preloading 0 native plugins for Editor in 0.00 ms.
Unloading 1563 Unused Serialized files (Serialized files now loaded: 0)
System memory in use before: 87.0 MB.
System memory in use after: 87.1 MB.

Unloading 14 unused Assets to reduce memory usage. Loaded Objects now: 2055.
Total: 1.597900 ms (FindLiveObjects: 0.124500 ms CreateObjectMapping: 0.037200 ms MarkObjects: 1.378600 ms  DeleteObjects: 0.056900 ms)

========================================================================
Received Import Request.
  Time since last request: 297.762343 seconds.
  path: Assets/Prefabs/House/house1.prefab
  artifactKey: Guid(2bf1a8c15d32bf54aa2afa7465d87d01) Importer(815301076,1909f56bfc062723c751e8b465ee728b)
Start importing Assets/Prefabs/House/house1.prefab using Guid(2bf1a8c15d32bf54aa2afa7465d87d01) Importer(815301076,1909f56bfc062723c751e8b465ee728b)  -> (artifact id: 'cf31da8dfa8f9df2f560159066bc67ab') in 0.197913 seconds
  Import took 0.204198 seconds .

========================================================================
Received Prepare
Registering precompiled user dll's ...
Registered in 0.002384 seconds.
Begin MonoManager ReloadAssembly
Native extension for WindowsStandalone target not found
Refreshing native plugins compatible for Editor in 0.38 ms, found 2 plugins.
Preloading 0 native plugins for Editor in 0.00 ms.
Mono: successfully reloaded assembly
- Completed reload, in  0.756 seconds
Platform modules already initialized, skipping
Refreshing native plugins compatible for Editor in 0.40 ms, found 2 plugins.
Preloading 0 native plugins for Editor in 0.00 ms.
Unloading 1563 Unused Serialized files (Serialized files now loaded: 0)
System memory in use before: 90.6 MB.
System memory in use after: 90.7 MB.

Unloading 14 unused Assets to reduce memory usage. Loaded Objects now: 2065.
Total: 1.705500 ms (FindLiveObjects: 0.124300 ms CreateObjectMapping: 0.035200 ms MarkObjects: 1.487400 ms  DeleteObjects: 0.057800 ms)

========================================================================
Received Import Request.
  Time since last request: 109.885128 seconds.
  path: Assets/Scenes/SampleScene.scenetemplate
  artifactKey: Guid(4f5f269f854dbbe4c880f54d24139b6e) Importer(815301076,1909f56bfc062723c751e8b465ee728b)
Start importing Assets/Scenes/SampleScene.scenetemplate using Guid(4f5f269f854dbbe4c880f54d24139b6e) Importer(815301076,1909f56bfc062723c751e8b465ee728b)  -> (artifact id: '6e2eecc75ed052ca93ab6a712394094d') in 0.189043 seconds
  Import took 0.199210 seconds .

========================================================================
Received Import Request.
  Time since last request: 4.912604 seconds.
  path: Assets/Scenes/SampleScene.unity
  artifactKey: Guid(9fc0d4010bbf28b4594072e72b8655ab) Importer(815301076,1909f56bfc062723c751e8b465ee728b)
Start importing Assets/Scenes/SampleScene.unity using Guid(9fc0d4010bbf28b4594072e72b8655ab) Importer(815301076,1909f56bfc062723c751e8b465ee728b)  -> (artifact id: '674e11fb773bba09f44cf44c5f984f4a') in 0.006693 seconds
  Import took 0.009541 seconds .

========================================================================
Received Import Request.
  Time since last request: 0.657609 seconds.
  path: Assets/Scenes/First Scene.unity
  artifactKey: Guid(34d2979ac5ea38a41b6166e916cecf5e) Importer(815301076,1909f56bfc062723c751e8b465ee728b)
Start importing Assets/Scenes/First Scene.unity using Guid(34d2979ac5ea38a41b6166e916cecf5e) Importer(815301076,1909f56bfc062723c751e8b465ee728b)  -> (artifact id: '8892a587eea4f84e47a630c020ba93e7') in 0.022147 seconds
  Import took 0.024948 seconds .

========================================================================
Received Import Request.
  Time since last request: 26.935576 seconds.
  path: Assets/Scenes/SampleScene/NavMesh-NavMesh.asset
  artifactKey: Guid(26272eb134858724eb2da9e8aea30592) Importer(815301076,1909f56bfc062723c751e8b465ee728b)
Start importing Assets/Scenes/SampleScene/NavMesh-NavMesh.asset using Guid(26272eb134858724eb2da9e8aea30592) Importer(815301076,1909f56bfc062723c751e8b465ee728b)  -> (artifact id: '93bffbab5f9254755ed807f18984121f') in 0.007438 seconds
  Import took 0.009964 seconds .

========================================================================
Received Prepare
Registering precompiled user dll's ...
Registered in 0.002406 seconds.
Begin MonoManager ReloadAssembly
Native extension for WindowsStandalone target not found
Refreshing native plugins compatible for Editor in 0.37 ms, found 2 plugins.
Preloading 0 native plugins for Editor in 0.00 ms.
Mono: successfully reloaded assembly
- Completed reload, in  0.741 seconds
Platform modules already initialized, skipping
Refreshing native plugins compatible for Editor in 0.38 ms, found 2 plugins.
Preloading 0 native plugins for Editor in 0.00 ms.
Unloading 1563 Unused Serialized files (Serialized files now loaded: 0)
System memory in use before: 90.9 MB.
System memory in use after: 90.9 MB.

Unloading 14 unused Assets to reduce memory usage. Loaded Objects now: 2068.
Total: 1.801600 ms (FindLiveObjects: 0.128000 ms CreateObjectMapping: 0.037300 ms MarkObjects: 1.550600 ms  DeleteObjects: 0.084600 ms)

========================================================================
Received Import Request.
  Time since last request: 175.661394 seconds.
  path: Assets/Prefabs/Door.prefab
  artifactKey: Guid(d7d83cfcbdfe5a044803297c361eaf66) Importer(815301076,1909f56bfc062723c751e8b465ee728b)
Start importing Assets/Prefabs/Door.prefab using Guid(d7d83cfcbdfe5a044803297c361eaf66) Importer(815301076,1909f56bfc062723c751e8b465ee728b)  -> (artifact id: 'f062e10dea4dfbcbe9e98bb234962fe3') in 0.059310 seconds
  Import took 0.062370 seconds .

========================================================================
Received Import Request.
  Time since last request: 37.221379 seconds.
  path: Assets/Animations/Door/door.controller
  artifactKey: Guid(bbebe84fcf3d06f4ea97db50d7179c03) Importer(815301076,1909f56bfc062723c751e8b465ee728b)
Start importing Assets/Animations/Door/door.controller using Guid(bbebe84fcf3d06f4ea97db50d7179c03) Importer(815301076,1909f56bfc062723c751e8b465ee728b)  -> (artifact id: '9602d82d96be21a511c38285e2cc7d9d') in 0.003676 seconds
  Import took 0.006007 seconds .

========================================================================
Received Import Request.
  Time since last request: 5.826199 seconds.
  path: Assets/Animations/Door/door 1.controller
  artifactKey: Guid(3301c2b0eb3c99b4098355a53d9de75b) Importer(815301076,1909f56bfc062723c751e8b465ee728b)
Start importing Assets/Animations/Door/door 1.controller using Guid(3301c2b0eb3c99b4098355a53d9de75b) Importer(815301076,1909f56bfc062723c751e8b465ee728b)  -> (artifact id: '748407473dc8487bbbefea2a2123647d') in 0.006202 seconds
  Import took 0.009282 seconds .

========================================================================
Received Import Request.
  Time since last request: 0.637604 seconds.
  path: Assets/Animations/Door/door 2.controller
  artifactKey: Guid(bd2dedfc2181e0d4caffa490f865fa3f) Importer(815301076,1909f56bfc062723c751e8b465ee728b)
Start importing Assets/Animations/Door/door 2.controller using Guid(bd2dedfc2181e0d4caffa490f865fa3f) Importer(815301076,1909f56bfc062723c751e8b465ee728b)  -> (artifact id: '221c65e6637838608ebde9cfd04a30b0') in 0.007349 seconds
  Import took 0.021333 seconds .

========================================================================
Received Prepare
Registering precompiled user dll's ...
Registered in 0.002329 seconds.
Begin MonoManager ReloadAssembly
Native extension for WindowsStandalone target not found
Refreshing native plugins compatible for Editor in 0.36 ms, found 2 plugins.
Preloading 0 native plugins for Editor in 0.00 ms.
Mono: successfully reloaded assembly
- Completed reload, in  0.733 seconds
Platform modules already initialized, skipping
Refreshing native plugins compatible for Editor in 0.39 ms, found 2 plugins.
Preloading 0 native plugins for Editor in 0.00 ms.
Unloading 1563 Unused Serialized files (Serialized files now loaded: 0)
System memory in use before: 90.9 MB.
System memory in use after: 91.0 MB.

Unloading 14 unused Assets to reduce memory usage. Loaded Objects now: 2072.
Total: 1.663000 ms (FindLiveObjects: 0.134100 ms CreateObjectMapping: 0.043300 ms MarkObjects: 1.423200 ms  DeleteObjects: 0.061600 ms)

========================================================================
Received Prepare
Registering precompiled user dll's ...
Registered in 0.003582 seconds.
Begin MonoManager ReloadAssembly
Native extension for WindowsStandalone target not found
Refreshing native plugins compatible for Editor in 0.37 ms, found 2 plugins.
Preloading 0 native plugins for Editor in 0.00 ms.
Mono: successfully reloaded assembly
- Completed reload, in  0.735 seconds
Platform modules already initialized, skipping
Refreshing native plugins compatible for Editor in 0.43 ms, found 2 plugins.
Preloading 0 native plugins for Editor in 0.00 ms.
Unloading 1563 Unused Serialized files (Serialized files now loaded: 0)
System memory in use before: 90.9 MB.
System memory in use after: 91.0 MB.

Unloading 14 unused Assets to reduce memory usage. Loaded Objects now: 2075.
Total: 1.624400 ms (FindLiveObjects: 0.120000 ms CreateObjectMapping: 0.034800 ms MarkObjects: 1.410000 ms  DeleteObjects: 0.058900 ms)

========================================================================
Received Import Request.
  Time since last request: 447.790981 seconds.
  path: Assets/Animations/Door/door.mask
  artifactKey: Guid(0a53ee1d102459f489877088a3576bd8) Importer(815301076,1909f56bfc062723c751e8b465ee728b)
Start importing Assets/Animations/Door/door.mask using Guid(0a53ee1d102459f489877088a3576bd8) Importer(815301076,1909f56bfc062723c751e8b465ee728b)  -> (artifact id: '45e55befa9446c334505ba19b236963d') in 0.018424 seconds
  Import took 0.020611 seconds .

========================================================================
Received Import Request.
  Time since last request: 6.409081 seconds.
  path: Assets/Animations/Door/door 2.controller
  artifactKey: Guid(bd2dedfc2181e0d4caffa490f865fa3f) Importer(815301076,1909f56bfc062723c751e8b465ee728b)
Start importing Assets/Animations/Door/door 2.controller using Guid(bd2dedfc2181e0d4caffa490f865fa3f) Importer(815301076,1909f56bfc062723c751e8b465ee728b)  -> (artifact id: '6cf1b7625dcc6b07d8cc7ebfa67bdb3e') in 0.004311 seconds
  Import took 0.006803 seconds .

========================================================================
Received Import Request.
  Time since last request: 0.686280 seconds.
  path: Assets/Animations/Door/door 1.controller
  artifactKey: Guid(3301c2b0eb3c99b4098355a53d9de75b) Importer(815301076,1909f56bfc062723c751e8b465ee728b)
Start importing Assets/Animations/Door/door 1.controller using Guid(3301c2b0eb3c99b4098355a53d9de75b) Importer(815301076,1909f56bfc062723c751e8b465ee728b)  -> (artifact id: '2f1a77bc3f8f81ac2a8b6200fa5a2a9e') in 0.003457 seconds
  Import took 0.005857 seconds .

========================================================================
Received Prepare
Registering precompiled user dll's ...
Registered in 0.002283 seconds.
Begin MonoManager ReloadAssembly
Native extension for WindowsStandalone target not found
Refreshing native plugins compatible for Editor in 0.39 ms, found 2 plugins.
Preloading 0 native plugins for Editor in 0.00 ms.
Mono: successfully reloaded assembly
- Completed reload, in  0.735 seconds
Platform modules already initialized, skipping
Refreshing native plugins compatible for Editor in 0.38 ms, found 2 plugins.
Preloading 0 native plugins for Editor in 0.00 ms.
Unloading 1563 Unused Serialized files (Serialized files now loaded: 0)
System memory in use before: 90.9 MB.
System memory in use after: 91.0 MB.

Unloading 14 unused Assets to reduce memory usage. Loaded Objects now: 2078.
Total: 1.739400 ms (FindLiveObjects: 0.174700 ms CreateObjectMapping: 0.041200 ms MarkObjects: 1.465100 ms  DeleteObjects: 0.057600 ms)

========================================================================
Received Prepare
Registering precompiled user dll's ...
Registered in 0.002378 seconds.
Begin MonoManager ReloadAssembly
Native extension for WindowsStandalone target not found
Refreshing native plugins compatible for Editor in 0.41 ms, found 2 plugins.
Preloading 0 native plugins for Editor in 0.00 ms.
Mono: successfully reloaded assembly
- Completed reload, in  0.765 seconds
Platform modules already initialized, skipping
Refreshing native plugins compatible for Editor in 0.39 ms, found 2 plugins.
Preloading 0 native plugins for Editor in 0.00 ms.
Unloading 1563 Unused Serialized files (Serialized files now loaded: 0)
System memory in use before: 91.0 MB.
System memory in use after: 91.0 MB.

Unloading 14 unused Assets to reduce memory usage. Loaded Objects now: 2081.
Total: 1.714300 ms (FindLiveObjects: 0.133600 ms CreateObjectMapping: 0.040400 ms MarkObjects: 1.479400 ms  DeleteObjects: 0.060100 ms)

========================================================================
Received Prepare
Registering precompiled user dll's ...
Registered in 0.002416 seconds.
Begin MonoManager ReloadAssembly
Native extension for WindowsStandalone target not found
Refreshing native plugins compatible for Editor in 0.39 ms, found 2 plugins.
Preloading 0 native plugins for Editor in 0.00 ms.
Mono: successfully reloaded assembly
- Completed reload, in  0.750 seconds
Platform modules already initialized, skipping
Refreshing native plugins compatible for Editor in 0.38 ms, found 2 plugins.
Preloading 0 native plugins for Editor in 0.00 ms.
Unloading 1563 Unused Serialized files (Serialized files now loaded: 0)
System memory in use before: 91.0 MB.
System memory in use after: 91.0 MB.

Unloading 14 unused Assets to reduce memory usage. Loaded Objects now: 2084.
Total: 1.815800 ms (FindLiveObjects: 0.145400 ms CreateObjectMapping: 0.035700 ms MarkObjects: 1.577800 ms  DeleteObjects: 0.055900 ms)

========================================================================
Received Import Request.
  Time since last request: 675.299522 seconds.
  path: Assets/Scripts/Furniture/Door/ExitTriggerZone.cs
  artifactKey: Guid(dcd18391a07fab0478bd87723e7d05d0) Importer(815301076,1909f56bfc062723c751e8b465ee728b)
Start importing Assets/Scripts/Furniture/Door/ExitTriggerZone.cs using Guid(dcd18391a07fab0478bd87723e7d05d0) Importer(815301076,1909f56bfc062723c751e8b465ee728b)  -> (artifact id: '75f1536041d58cec8c2bd4cf31da5853') in 0.028528 seconds
  Import took 0.030936 seconds .

========================================================================
Received Prepare
Registering precompiled user dll's ...
Registered in 0.002565 seconds.
Begin MonoManager ReloadAssembly
Native extension for WindowsStandalone target not found
Refreshing native plugins compatible for Editor in 0.38 ms, found 2 plugins.
Preloading 0 native plugins for Editor in 0.00 ms.
Mono: successfully reloaded assembly
- Completed reload, in  0.733 seconds
Platform modules already initialized, skipping
Refreshing native plugins compatible for Editor in 0.41 ms, found 2 plugins.
Preloading 0 native plugins for Editor in 0.00 ms.
Unloading 1563 Unused Serialized files (Serialized files now loaded: 0)
System memory in use before: 91.0 MB.
System memory in use after: 91.0 MB.

Unloading 14 unused Assets to reduce memory usage. Loaded Objects now: 2087.
Total: 1.648400 ms (FindLiveObjects: 0.143400 ms CreateObjectMapping: 0.040900 ms MarkObjects: 1.403100 ms  DeleteObjects: 0.060200 ms)

========================================================================
Received Import Request.
  Time since last request: 92.293443 seconds.
  path: Assets/Girl.controller
  artifactKey: Guid(eb77a210af046bc49b135832683ade45) Importer(815301076,1909f56bfc062723c751e8b465ee728b)
Start importing Assets/Girl.controller using Guid(eb77a210af046bc49b135832683ade45) Importer(815301076,1909f56bfc062723c751e8b465ee728b)  -> (artifact id: '6af12f7655224b5cadafa369e27c3a58') in 0.038173 seconds
  Import took 0.040837 seconds .

========================================================================
Received Import Request.
  Time since last request: 61.901571 seconds.
  path: Assets/Scripts/Player/States/PlayerLegacy.cs
  artifactKey: Guid(aef79a4578f3bd34893be221aacf56c2) Importer(815301076,1909f56bfc062723c751e8b465ee728b)
Start importing Assets/Scripts/Player/States/PlayerLegacy.cs using Guid(aef79a4578f3bd34893be221aacf56c2) Importer(815301076,1909f56bfc062723c751e8b465ee728b)  -> (artifact id: 'b70267ff9c98d3cf6fedae9a29762a06') in 0.005956 seconds
  Import took 0.008401 seconds .

========================================================================
Received Import Request.
  Time since last request: 0.001515 seconds.
  path: Assets/Scripts/Player/States/PlayerLegacy.cs
  artifactKey: Guid(aef79a4578f3bd34893be221aacf56c2) Importer(815301076,1909f56bfc062723c751e8b465ee728b)
Start importing Assets/Scripts/Player/States/PlayerLegacy.cs using Guid(aef79a4578f3bd34893be221aacf56c2) Importer(815301076,1909f56bfc062723c751e8b465ee728b)  -> (artifact id: 'b70267ff9c98d3cf6fedae9a29762a06') in 0.002045 seconds
  Import took 0.004878 seconds .

========================================================================
Received Prepare
Registering precompiled user dll's ...
Registered in 0.002294 seconds.
Begin MonoManager ReloadAssembly
Native extension for WindowsStandalone target not found
Refreshing native plugins compatible for Editor in 0.37 ms, found 2 plugins.
Preloading 0 native plugins for Editor in 0.00 ms.
Mono: successfully reloaded assembly
- Completed reload, in  0.772 seconds
Platform modules already initialized, skipping
Refreshing native plugins compatible for Editor in 0.44 ms, found 2 plugins.
Preloading 0 native plugins for Editor in 0.00 ms.
Unloading 1563 Unused Serialized files (Serialized files now loaded: 0)
System memory in use before: 91.0 MB.
System memory in use after: 91.1 MB.

Unloading 14 unused Assets to reduce memory usage. Loaded Objects now: 2090.
Total: 1.750700 ms (FindLiveObjects: 0.127100 ms CreateObjectMapping: 0.036200 ms MarkObjects: 1.527300 ms  DeleteObjects: 0.059200 ms)

========================================================================
Received Prepare
Registering precompiled user dll's ...
Registered in 0.002358 seconds.
Begin MonoManager ReloadAssembly
Native extension for WindowsStandalone target not found
Refreshing native plugins compatible for Editor in 0.40 ms, found 2 plugins.
Preloading 0 native plugins for Editor in 0.00 ms.
Mono: successfully reloaded assembly
- Completed reload, in  0.733 seconds
Platform modules already initialized, skipping
Refreshing native plugins compatible for Editor in 0.43 ms, found 2 plugins.
Preloading 0 native plugins for Editor in 0.00 ms.
Unloading 1563 Unused Serialized files (Serialized files now loaded: 0)
System memory in use before: 91.0 MB.
System memory in use after: 91.1 MB.

Unloading 14 unused Assets to reduce memory usage. Loaded Objects now: 2093.
Total: 1.594600 ms (FindLiveObjects: 0.124900 ms CreateObjectMapping: 0.037300 ms MarkObjects: 1.374600 ms  DeleteObjects: 0.057000 ms)

========================================================================
Received Prepare
Registering precompiled user dll's ...
Registered in 0.002343 seconds.
Begin MonoManager ReloadAssembly
Native extension for WindowsStandalone target not found
Refreshing native plugins compatible for Editor in 0.37 ms, found 2 plugins.
Preloading 0 native plugins for Editor in 0.00 ms.
Mono: successfully reloaded assembly
- Completed reload, in  0.748 seconds
Platform modules already initialized, skipping
Refreshing native plugins compatible for Editor in 0.40 ms, found 2 plugins.
Preloading 0 native plugins for Editor in 0.00 ms.
Unloading 1563 Unused Serialized files (Serialized files now loaded: 0)
System memory in use before: 91.0 MB.
System memory in use after: 91.1 MB.

Unloading 14 unused Assets to reduce memory usage. Loaded Objects now: 2096.
Total: 2.350600 ms (FindLiveObjects: 0.189000 ms CreateObjectMapping: 0.048600 ms MarkObjects: 2.038300 ms  DeleteObjects: 0.073800 ms)

========================================================================
Received Prepare
Registering precompiled user dll's ...
Registered in 0.002506 seconds.
Begin MonoManager ReloadAssembly
Native extension for WindowsStandalone target not found
Refreshing native plugins compatible for Editor in 0.37 ms, found 2 plugins.
Preloading 0 native plugins for Editor in 0.00 ms.
Mono: successfully reloaded assembly
- Completed reload, in  0.739 seconds
Platform modules already initialized, skipping
Refreshing native plugins compatible for Editor in 0.49 ms, found 2 plugins.
Preloading 0 native plugins for Editor in 0.00 ms.
Unloading 1563 Unused Serialized files (Serialized files now loaded: 0)
System memory in use before: 91.0 MB.
System memory in use after: 91.1 MB.

Unloading 14 unused Assets to reduce memory usage. Loaded Objects now: 2099.
Total: 1.722500 ms (FindLiveObjects: 0.158300 ms CreateObjectMapping: 0.044700 ms MarkObjects: 1.459400 ms  DeleteObjects: 0.059300 ms)

========================================================================
Received Prepare
Registering precompiled user dll's ...
Registered in 0.003651 seconds.
Begin MonoManager ReloadAssembly
Native extension for WindowsStandalone target not found
Refreshing native plugins compatible for Editor in 0.37 ms, found 2 plugins.
Preloading 0 native plugins for Editor in 0.00 ms.
Mono: successfully reloaded assembly
- Completed reload, in  0.760 seconds
Platform modules already initialized, skipping
Refreshing native plugins compatible for Editor in 0.44 ms, found 2 plugins.
Preloading 0 native plugins for Editor in 0.00 ms.
Unloading 1563 Unused Serialized files (Serialized files now loaded: 0)
System memory in use before: 91.0 MB.
System memory in use after: 91.1 MB.

Unloading 14 unused Assets to reduce memory usage. Loaded Objects now: 2102.
Total: 1.666100 ms (FindLiveObjects: 0.129500 ms CreateObjectMapping: 0.035700 ms MarkObjects: 1.438400 ms  DeleteObjects: 0.061600 ms)

========================================================================
Received Prepare
Registering precompiled user dll's ...
Registered in 0.002409 seconds.
Begin MonoManager ReloadAssembly
Native extension for WindowsStandalone target not found
Refreshing native plugins compatible for Editor in 0.38 ms, found 2 plugins.
Preloading 0 native plugins for Editor in 0.00 ms.
Mono: successfully reloaded assembly
- Completed reload, in  0.775 seconds
Platform modules already initialized, skipping
Refreshing native plugins compatible for Editor in 0.39 ms, found 2 plugins.
Preloading 0 native plugins for Editor in 0.00 ms.
Unloading 1563 Unused Serialized files (Serialized files now loaded: 0)
System memory in use before: 91.0 MB.
System memory in use after: 91.1 MB.

Unloading 14 unused Assets to reduce memory usage. Loaded Objects now: 2105.
Total: 1.848200 ms (FindLiveObjects: 0.138800 ms CreateObjectMapping: 0.033500 ms MarkObjects: 1.580700 ms  DeleteObjects: 0.094500 ms)

========================================================================
Received Prepare
Registering precompiled user dll's ...
Registered in 0.002569 seconds.
Begin MonoManager ReloadAssembly
Native extension for WindowsStandalone target not found
Refreshing native plugins compatible for Editor in 0.60 ms, found 2 plugins.
Preloading 0 native plugins for Editor in 0.00 ms.
Mono: successfully reloaded assembly
- Completed reload, in  0.810 seconds
Platform modules already initialized, skipping
Refreshing native plugins compatible for Editor in 0.49 ms, found 2 plugins.
Preloading 0 native plugins for Editor in 0.00 ms.
Unloading 1563 Unused Serialized files (Serialized files now loaded: 0)
System memory in use before: 91.0 MB.
System memory in use after: 91.1 MB.

Unloading 14 unused Assets to reduce memory usage. Loaded Objects now: 2108.
Total: 2.299300 ms (FindLiveObjects: 0.205900 ms CreateObjectMapping: 0.062900 ms MarkObjects: 1.957700 ms  DeleteObjects: 0.071600 ms)

========================================================================
Received Prepare
Registering precompiled user dll's ...
Registered in 0.002380 seconds.
Begin MonoManager ReloadAssembly
Native extension for WindowsStandalone target not found
Refreshing native plugins compatible for Editor in 0.37 ms, found 2 plugins.
Preloading 0 native plugins for Editor in 0.00 ms.
Mono: successfully reloaded assembly
- Completed reload, in  0.735 seconds
Platform modules already initialized, skipping
Refreshing native plugins compatible for Editor in 0.38 ms, found 2 plugins.
Preloading 0 native plugins for Editor in 0.00 ms.
Unloading 1563 Unused Serialized files (Serialized files now loaded: 0)
System memory in use before: 91.0 MB.
System memory in use after: 91.1 MB.

Unloading 14 unused Assets to reduce memory usage. Loaded Objects now: 2111.
Total: 1.997700 ms (FindLiveObjects: 0.147900 ms CreateObjectMapping: 0.046500 ms MarkObjects: 1.735000 ms  DeleteObjects: 0.067600 ms)

========================================================================
Received Prepare
Registering precompiled user dll's ...
Registered in 0.002437 seconds.
Begin MonoManager ReloadAssembly
Native extension for WindowsStandalone target not found
Refreshing native plugins compatible for Editor in 0.40 ms, found 2 plugins.
Preloading 0 native plugins for Editor in 0.00 ms.
Mono: successfully reloaded assembly
- Completed reload, in  0.824 seconds
Platform modules already initialized, skipping
Refreshing native plugins compatible for Editor in 0.39 ms, found 2 plugins.
Preloading 0 native plugins for Editor in 0.00 ms.
Unloading 1563 Unused Serialized files (Serialized files now loaded: 0)
System memory in use before: 91.0 MB.
System memory in use after: 91.1 MB.

Unloading 14 unused Assets to reduce memory usage. Loaded Objects now: 2114.
Total: 1.995500 ms (FindLiveObjects: 0.151200 ms CreateObjectMapping: 0.037300 ms MarkObjects: 1.734600 ms  DeleteObjects: 0.071700 ms)

========================================================================
Received Prepare
Registering precompiled user dll's ...
Registered in 0.003286 seconds.
Begin MonoManager ReloadAssembly
Native extension for WindowsStandalone target not found
Refreshing native plugins compatible for Editor in 0.38 ms, found 2 plugins.
Preloading 0 native plugins for Editor in 0.00 ms.
Mono: successfully reloaded assembly
- Completed reload, in  0.770 seconds
Platform modules already initialized, skipping
Refreshing native plugins compatible for Editor in 0.38 ms, found 2 plugins.
Preloading 0 native plugins for Editor in 0.00 ms.
Unloading 1563 Unused Serialized files (Serialized files now loaded: 0)
System memory in use before: 91.0 MB.
System memory in use after: 91.1 MB.

Unloading 14 unused Assets to reduce memory usage. Loaded Objects now: 2117.
Total: 1.968300 ms (FindLiveObjects: 0.145400 ms CreateObjectMapping: 0.037000 ms MarkObjects: 1.732000 ms  DeleteObjects: 0.053100 ms)

========================================================================
Received Prepare
Registering precompiled user dll's ...
Registered in 0.002644 seconds.
Begin MonoManager ReloadAssembly
Native extension for WindowsStandalone target not found
Refreshing native plugins compatible for Editor in 0.38 ms, found 2 plugins.
Preloading 0 native plugins for Editor in 0.00 ms.
Mono: successfully reloaded assembly
- Completed reload, in  0.743 seconds
Platform modules already initialized, skipping
Refreshing native plugins compatible for Editor in 0.38 ms, found 2 plugins.
Preloading 0 native plugins for Editor in 0.00 ms.
Unloading 1563 Unused Serialized files (Serialized files now loaded: 0)
System memory in use before: 91.0 MB.
System memory in use after: 91.1 MB.

Unloading 14 unused Assets to reduce memory usage. Loaded Objects now: 2120.
Total: 1.774400 ms (FindLiveObjects: 0.139200 ms CreateObjectMapping: 0.039800 ms MarkObjects: 1.536700 ms  DeleteObjects: 0.057800 ms)

========================================================================
Received Prepare
Registering precompiled user dll's ...
Registered in 0.002279 seconds.
Begin MonoManager ReloadAssembly
Native extension for WindowsStandalone target not found
Refreshing native plugins compatible for Editor in 0.38 ms, found 2 plugins.
Preloading 0 native plugins for Editor in 0.00 ms.
Mono: successfully reloaded assembly
- Completed reload, in  0.765 seconds
Platform modules already initialized, skipping
Refreshing native plugins compatible for Editor in 0.42 ms, found 2 plugins.
Preloading 0 native plugins for Editor in 0.00 ms.
Unloading 1563 Unused Serialized files (Serialized files now loaded: 0)
System memory in use before: 91.0 MB.
System memory in use after: 91.1 MB.

Unloading 14 unused Assets to reduce memory usage. Loaded Objects now: 2123.
Total: 1.872900 ms (FindLiveObjects: 0.140800 ms CreateObjectMapping: 0.040700 ms MarkObjects: 1.597700 ms  DeleteObjects: 0.092700 ms)

========================================================================
Received Prepare
Registering precompiled user dll's ...
Registered in 0.002326 seconds.
Begin MonoManager ReloadAssembly
Native extension for WindowsStandalone target not found
Refreshing native plugins compatible for Editor in 0.36 ms, found 2 plugins.
Preloading 0 native plugins for Editor in 0.00 ms.
Mono: successfully reloaded assembly
- Completed reload, in  0.754 seconds
Platform modules already initialized, skipping
Refreshing native plugins compatible for Editor in 0.39 ms, found 2 plugins.
Preloading 0 native plugins for Editor in 0.00 ms.
Unloading 1563 Unused Serialized files (Serialized files now loaded: 0)
System memory in use before: 91.0 MB.
System memory in use after: 91.1 MB.

Unloading 14 unused Assets to reduce memory usage. Loaded Objects now: 2126.
Total: 2.056300 ms (FindLiveObjects: 0.155600 ms CreateObjectMapping: 0.038500 ms MarkObjects: 1.805800 ms  DeleteObjects: 0.055600 ms)

========================================================================
Received Prepare
Registering precompiled user dll's ...
Registered in 0.002402 seconds.
Begin MonoManager ReloadAssembly
Native extension for WindowsStandalone target not found
Refreshing native plugins compatible for Editor in 0.37 ms, found 2 plugins.
Preloading 0 native plugins for Editor in 0.00 ms.
Mono: successfully reloaded assembly
- Completed reload, in  0.741 seconds
Platform modules already initialized, skipping
Refreshing native plugins compatible for Editor in 0.39 ms, found 2 plugins.
Preloading 0 native plugins for Editor in 0.00 ms.
Unloading 1563 Unused Serialized files (Serialized files now loaded: 0)
System memory in use before: 91.0 MB.
System memory in use after: 91.1 MB.

Unloading 14 unused Assets to reduce memory usage. Loaded Objects now: 2129.
Total: 1.766700 ms (FindLiveObjects: 0.139600 ms CreateObjectMapping: 0.043700 ms MarkObjects: 1.526500 ms  DeleteObjects: 0.055800 ms)

========================================================================
Received Prepare
Registering precompiled user dll's ...
Registered in 0.002354 seconds.
Begin MonoManager ReloadAssembly
Native extension for WindowsStandalone target not found
Refreshing native plugins compatible for Editor in 0.39 ms, found 2 plugins.
Preloading 0 native plugins for Editor in 0.00 ms.
Mono: successfully reloaded assembly
- Completed reload, in  0.762 seconds
Platform modules already initialized, skipping
Refreshing native plugins compatible for Editor in 0.38 ms, found 2 plugins.
Preloading 0 native plugins for Editor in 0.00 ms.
Unloading 1563 Unused Serialized files (Serialized files now loaded: 0)
System memory in use before: 91.0 MB.
System memory in use after: 91.1 MB.

Unloading 14 unused Assets to reduce memory usage. Loaded Objects now: 2132.
Total: 2.073800 ms (FindLiveObjects: 0.137200 ms CreateObjectMapping: 0.045200 ms MarkObjects: 1.831500 ms  DeleteObjects: 0.059400 ms)

========================================================================
Received Prepare
Registering precompiled user dll's ...
Registered in 0.002341 seconds.
Begin MonoManager ReloadAssembly
Native extension for WindowsStandalone target not found
Refreshing native plugins compatible for Editor in 0.37 ms, found 2 plugins.
Preloading 0 native plugins for Editor in 0.00 ms.
Mono: successfully reloaded assembly
- Completed reload, in  0.770 seconds
Platform modules already initialized, skipping
Refreshing native plugins compatible for Editor in 0.39 ms, found 2 plugins.
Preloading 0 native plugins for Editor in 0.00 ms.
Unloading 1563 Unused Serialized files (Serialized files now loaded: 0)
System memory in use before: 91.0 MB.
System memory in use after: 91.1 MB.

Unloading 14 unused Assets to reduce memory usage. Loaded Objects now: 2135.
Total: 1.875800 ms (FindLiveObjects: 0.138100 ms CreateObjectMapping: 0.041900 ms MarkObjects: 1.639700 ms  DeleteObjects: 0.055200 ms)

========================================================================
Received Prepare
Registering precompiled user dll's ...
Registered in 0.002396 seconds.
Begin MonoManager ReloadAssembly
Native extension for WindowsStandalone target not found
Refreshing native plugins compatible for Editor in 0.38 ms, found 2 plugins.
Preloading 0 native plugins for Editor in 0.00 ms.
Mono: successfully reloaded assembly
- Completed reload, in  0.762 seconds
Platform modules already initialized, skipping
Refreshing native plugins compatible for Editor in 0.40 ms, found 2 plugins.
Preloading 0 native plugins for Editor in 0.00 ms.
Unloading 1563 Unused Serialized files (Serialized files now loaded: 0)
System memory in use before: 91.0 MB.
System memory in use after: 91.1 MB.

Unloading 14 unused Assets to reduce memory usage. Loaded Objects now: 2138.
Total: 2.017300 ms (FindLiveObjects: 0.150100 ms CreateObjectMapping: 0.040300 ms MarkObjects: 1.766800 ms  DeleteObjects: 0.059300 ms)

========================================================================
Received Prepare
Registering precompiled user dll's ...
Registered in 0.002259 seconds.
Begin MonoManager ReloadAssembly
Native extension for WindowsStandalone target not found
Refreshing native plugins compatible for Editor in 0.37 ms, found 2 plugins.
Preloading 0 native plugins for Editor in 0.00 ms.
Mono: successfully reloaded assembly
- Completed reload, in  0.781 seconds
Platform modules already initialized, skipping
Refreshing native plugins compatible for Editor in 0.39 ms, found 2 plugins.
Preloading 0 native plugins for Editor in 0.00 ms.
Unloading 1563 Unused Serialized files (Serialized files now loaded: 0)
System memory in use before: 91.1 MB.
System memory in use after: 91.1 MB.

Unloading 14 unused Assets to reduce memory usage. Loaded Objects now: 2141.
Total: 1.903900 ms (FindLiveObjects: 0.167800 ms CreateObjectMapping: 0.044100 ms MarkObjects: 1.637500 ms  DeleteObjects: 0.053600 ms)

========================================================================
Received Prepare
Registering precompiled user dll's ...
Registered in 0.002545 seconds.
Begin MonoManager ReloadAssembly
Native extension for WindowsStandalone target not found
Refreshing native plugins compatible for Editor in 0.51 ms, found 2 plugins.
Preloading 0 native plugins for Editor in 0.00 ms.
Mono: successfully reloaded assembly
- Completed reload, in  0.762 seconds
Platform modules already initialized, skipping
Refreshing native plugins compatible for Editor in 0.38 ms, found 2 plugins.
Preloading 0 native plugins for Editor in 0.00 ms.
Unloading 1563 Unused Serialized files (Serialized files now loaded: 0)
System memory in use before: 91.1 MB.
System memory in use after: 91.1 MB.

Unloading 14 unused Assets to reduce memory usage. Loaded Objects now: 2144.
Total: 1.823600 ms (FindLiveObjects: 0.148400 ms CreateObjectMapping: 0.046500 ms MarkObjects: 1.573300 ms  DeleteObjects: 0.054500 ms)

========================================================================
Received Prepare
Registering precompiled user dll's ...
Registered in 0.002255 seconds.
Begin MonoManager ReloadAssembly
Native extension for WindowsStandalone target not found
Refreshing native plugins compatible for Editor in 0.40 ms, found 2 plugins.
Preloading 0 native plugins for Editor in 0.00 ms.
Mono: successfully reloaded assembly
- Completed reload, in  0.752 seconds
Platform modules already initialized, skipping
Refreshing native plugins compatible for Editor in 0.38 ms, found 2 plugins.
Preloading 0 native plugins for Editor in 0.00 ms.
Unloading 1563 Unused Serialized files (Serialized files now loaded: 0)
System memory in use before: 91.1 MB.
System memory in use after: 91.1 MB.

Unloading 14 unused Assets to reduce memory usage. Loaded Objects now: 2147.
Total: 1.932600 ms (FindLiveObjects: 0.124600 ms CreateObjectMapping: 0.086300 ms MarkObjects: 1.631200 ms  DeleteObjects: 0.089700 ms)

========================================================================
Received Prepare
Registering precompiled user dll's ...
Registered in 0.002376 seconds.
Begin MonoManager ReloadAssembly
Native extension for WindowsStandalone target not found
Refreshing native plugins compatible for Editor in 0.39 ms, found 2 plugins.
Preloading 0 native plugins for Editor in 0.00 ms.
Mono: successfully reloaded assembly
- Completed reload, in  0.744 seconds
Platform modules already initialized, skipping
Refreshing native plugins compatible for Editor in 0.38 ms, found 2 plugins.
Preloading 0 native plugins for Editor in 0.00 ms.
Unloading 1563 Unused Serialized files (Serialized files now loaded: 0)
System memory in use before: 91.1 MB.
System memory in use after: 91.1 MB.

Unloading 14 unused Assets to reduce memory usage. Loaded Objects now: 2150.
Total: 1.838400 ms (FindLiveObjects: 0.143200 ms CreateObjectMapping: 0.042500 ms MarkObjects: 1.595900 ms  DeleteObjects: 0.056100 ms)

========================================================================
Received Prepare
Registering precompiled user dll's ...
Registered in 0.002425 seconds.
Begin MonoManager ReloadAssembly
Native extension for WindowsStandalone target not found
Refreshing native plugins compatible for Editor in 0.38 ms, found 2 plugins.
Preloading 0 native plugins for Editor in 0.00 ms.
Mono: successfully reloaded assembly
- Completed reload, in  0.755 seconds
Platform modules already initialized, skipping
Refreshing native plugins compatible for Editor in 0.40 ms, found 2 plugins.
Preloading 0 native plugins for Editor in 0.00 ms.
Unloading 1563 Unused Serialized files (Serialized files now loaded: 0)
System memory in use before: 91.1 MB.
System memory in use after: 91.2 MB.

Unloading 14 unused Assets to reduce memory usage. Loaded Objects now: 2153.
Total: 1.759400 ms (FindLiveObjects: 0.159900 ms CreateObjectMapping: 0.045300 ms MarkObjects: 1.501700 ms  DeleteObjects: 0.051800 ms)

========================================================================
Received Prepare
Registering precompiled user dll's ...
Registered in 0.002624 seconds.
Begin MonoManager ReloadAssembly
Native extension for WindowsStandalone target not found
Refreshing native plugins compatible for Editor in 0.38 ms, found 2 plugins.
Preloading 0 native plugins for Editor in 0.00 ms.
Mono: successfully reloaded assembly
- Completed reload, in  0.768 seconds
Platform modules already initialized, skipping
Refreshing native plugins compatible for Editor in 0.52 ms, found 2 plugins.
Preloading 0 native plugins for Editor in 0.00 ms.
Unloading 1563 Unused Serialized files (Serialized files now loaded: 0)
System memory in use before: 91.1 MB.
System memory in use after: 91.2 MB.

Unloading 14 unused Assets to reduce memory usage. Loaded Objects now: 2156.
Total: 1.661200 ms (FindLiveObjects: 0.138100 ms CreateObjectMapping: 0.039600 ms MarkObjects: 1.425300 ms  DeleteObjects: 0.057200 ms)

========================================================================
Received Prepare
Registering precompiled user dll's ...
Registered in 0.002462 seconds.
Begin MonoManager ReloadAssembly
Native extension for WindowsStandalone target not found
Refreshing native plugins compatible for Editor in 0.41 ms, found 2 plugins.
Preloading 0 native plugins for Editor in 0.00 ms.
Mono: successfully reloaded assembly
- Completed reload, in  0.753 seconds
Platform modules already initialized, skipping
Refreshing native plugins compatible for Editor in 0.42 ms, found 2 plugins.
Preloading 0 native plugins for Editor in 0.00 ms.
Unloading 1563 Unused Serialized files (Serialized files now loaded: 0)
System memory in use before: 91.1 MB.
System memory in use after: 91.2 MB.

Unloading 14 unused Assets to reduce memory usage. Loaded Objects now: 2159.
Total: 1.789400 ms (FindLiveObjects: 0.152600 ms CreateObjectMapping: 0.039300 ms MarkObjects: 1.543100 ms  DeleteObjects: 0.053600 ms)

========================================================================
Received Prepare
Registering precompiled user dll's ...
Registered in 0.003013 seconds.
Begin MonoManager ReloadAssembly
Native extension for WindowsStandalone target not found
Refreshing native plugins compatible for Editor in 0.49 ms, found 2 plugins.
Preloading 0 native plugins for Editor in 0.00 ms.
Mono: successfully reloaded assembly
- Completed reload, in  0.775 seconds
Platform modules already initialized, skipping
Refreshing native plugins compatible for Editor in 0.41 ms, found 2 plugins.
Preloading 0 native plugins for Editor in 0.00 ms.
Unloading 1563 Unused Serialized files (Serialized files now loaded: 0)
System memory in use before: 91.1 MB.
System memory in use after: 91.2 MB.

Unloading 14 unused Assets to reduce memory usage. Loaded Objects now: 2162.
Total: 2.305200 ms (FindLiveObjects: 0.250400 ms CreateObjectMapping: 0.075700 ms MarkObjects: 1.882200 ms  DeleteObjects: 0.096100 ms)

========================================================================
Received Prepare
Registering precompiled user dll's ...
Registered in 0.003532 seconds.
Begin MonoManager ReloadAssembly
Native extension for WindowsStandalone target not found
Refreshing native plugins compatible for Editor in 0.46 ms, found 2 plugins.
Preloading 0 native plugins for Editor in 0.00 ms.
Mono: successfully reloaded assembly
- Completed reload, in  0.859 seconds
Platform modules already initialized, skipping
Refreshing native plugins compatible for Editor in 0.43 ms, found 2 plugins.
Preloading 0 native plugins for Editor in 0.00 ms.
Unloading 1563 Unused Serialized files (Serialized files now loaded: 0)
System memory in use before: 91.1 MB.
System memory in use after: 91.2 MB.

Unloading 14 unused Assets to reduce memory usage. Loaded Objects now: 2165.
Total: 2.031100 ms (FindLiveObjects: 0.157300 ms CreateObjectMapping: 0.037000 ms MarkObjects: 1.782800 ms  DeleteObjects: 0.053200 ms)

========================================================================
Received Prepare
Registering precompiled user dll's ...
Registered in 0.002608 seconds.
Begin MonoManager ReloadAssembly
Native extension for WindowsStandalone target not found
Refreshing native plugins compatible for Editor in 0.38 ms, found 2 plugins.
Preloading 0 native plugins for Editor in 0.00 ms.
Mono: successfully reloaded assembly
- Completed reload, in  0.757 seconds
Platform modules already initialized, skipping
Refreshing native plugins compatible for Editor in 0.38 ms, found 2 plugins.
Preloading 0 native plugins for Editor in 0.00 ms.
Unloading 1563 Unused Serialized files (Serialized files now loaded: 0)
System memory in use before: 91.1 MB.
System memory in use after: 91.2 MB.

Unloading 14 unused Assets to reduce memory usage. Loaded Objects now: 2168.
Total: 1.883800 ms (FindLiveObjects: 0.179200 ms CreateObjectMapping: 0.053400 ms MarkObjects: 1.595600 ms  DeleteObjects: 0.054800 ms)

========================================================================
Received Prepare
Registering precompiled user dll's ...
Registered in 0.002442 seconds.
Begin MonoManager ReloadAssembly
Native extension for WindowsStandalone target not found
Refreshing native plugins compatible for Editor in 0.43 ms, found 2 plugins.
Preloading 0 native plugins for Editor in 0.00 ms.
Mono: successfully reloaded assembly
- Completed reload, in  0.739 seconds
Platform modules already initialized, skipping
Refreshing native plugins compatible for Editor in 0.38 ms, found 2 plugins.
Preloading 0 native plugins for Editor in 0.00 ms.
Unloading 1563 Unused Serialized files (Serialized files now loaded: 0)
System memory in use before: 91.1 MB.
System memory in use after: 91.2 MB.

Unloading 14 unused Assets to reduce memory usage. Loaded Objects now: 2171.
Total: 1.649400 ms (FindLiveObjects: 0.131000 ms CreateObjectMapping: 0.036100 ms MarkObjects: 1.426400 ms  DeleteObjects: 0.055100 ms)

AssetImportWorkerClient::OnTransportError - code=2 error=End of file
